2025-09-09T23:19:38.546+05:30  INFO 80556 --- [user-service] [main] com.ecommerce.user.UserApplication       : Starting UserApplication using Java 24.0.2 with PID 80556 (C:\2024\SCALER ACADEMY\MYMICROSERVICES\EcommerceMicroServiceApplications\user\target\classes started by ninga in C:\2024\SCALER ACADEMY\MYMICROSERVICES\EcommerceMicroServiceApplications)
2025-09-09T23:19:38.550+05:30 DEBUG 80556 --- [user-service] [main] com.ecommerce.user.UserApplication       : Running with Spring Boot v3.5.0, Spring v6.2.7
2025-09-09T23:19:38.551+05:30  INFO 80556 --- [user-service] [main] com.ecommerce.user.UserApplication       : No active profile set, falling back to 1 default profile: "default"
2025-09-09T23:19:39.923+05:30  INFO 80556 --- [user-service] [main] .s.d.r.c.RepositoryConfigurationDelegate : Bootstrapping Spring Data MongoDB repositories in DEFAULT mode.
2025-09-09T23:19:40.068+05:30  INFO 80556 --- [user-service] [main] .s.d.r.c.RepositoryConfigurationDelegate : Finished Spring Data repository scanning in 130 ms. Found 1 MongoDB repository interface.
2025-09-09T23:19:40.311+05:30  INFO 80556 --- [user-service] [main] faultConfiguringBeanFactoryPostProcessor : No bean named 'errorChannel' has been explicitly defined. Therefore, a default PublishSubscribeChannel will be created.
2025-09-09T23:19:40.320+05:30  INFO 80556 --- [user-service] [main] faultConfiguringBeanFactoryPostProcessor : No bean named 'integrationHeaderChannelRegistry' has been explicitly defined. Therefore, a default DefaultHeaderChannelRegistry will be created.
2025-09-09T23:19:40.438+05:30  INFO 80556 --- [user-service] [main] o.s.cloud.context.scope.GenericScope     : BeanFactory id=eb1a36bf-2d76-350e-9f9b-151aad651960
2025-09-09T23:19:40.929+05:30  INFO 80556 --- [user-service] [main] o.s.b.w.embedded.tomcat.TomcatWebServer  : Tomcat initialized with port 8082 (http)
2025-09-09T23:19:40.951+05:30  INFO 80556 --- [user-service] [main] o.apache.catalina.core.StandardService   : Starting service [Tomcat]
2025-09-09T23:19:40.952+05:30  INFO 80556 --- [user-service] [main] o.apache.catalina.core.StandardEngine    : Starting Servlet engine: [Apache Tomcat/10.1.41]
2025-09-09T23:19:41.010+05:30  INFO 80556 --- [user-service] [main] o.a.c.c.C.[Tomcat].[localhost].[/]       : Initializing Spring embedded WebApplicationContext
2025-09-09T23:19:41.010+05:30  INFO 80556 --- [user-service] [main] w.s.c.ServletWebServerApplicationContext : Root WebApplicationContext: initialization completed in 2405 ms
2025-09-09T23:19:41.535+05:30  INFO 80556 --- [user-service] [main] org.mongodb.driver.client                : MongoClient with metadata {"driver": {"name": "mongo-java-driver|sync|spring-boot", "version": "5.4.0"}, "os": {"type": "Windows", "name": "Windows 11", "architecture": "amd64", "version": "10.0"}, "platform": "Java/Oracle Corporation/24.0.2+12-54"} created with settings MongoClientSettings{readPreference=primary, writeConcern=WriteConcern{w=null, wTimeout=null ms, journal=null}, retryWrites=true, retryReads=true, readConcern=ReadConcern{level=null}, credential=null, transportSettings=null, commandListeners=[io.micrometer.core.instrument.binder.mongodb.MongoMetricsCommandListener@4331be30], codecRegistry=ProvidersCodecRegistry{codecProviders=[ValueCodecProvider{}, BsonValueCodecProvider{}, DBRefCodecProvider{}, DBObjectCodecProvider{}, DocumentCodecProvider{}, CollectionCodecProvider{}, IterableCodecProvider{}, MapCodecProvider{}, GeoJsonCodecProvider{}, GridFSFileCodecProvider{}, Jsr310CodecProvider{}, JsonObjectCodecProvider{}, BsonCodecProvider{}, EnumCodecProvider{}, com.mongodb.client.model.mql.ExpressionCodecProvider@5cd71ee2, com.mongodb.Jep395RecordCodecProvider@3dad535f, com.mongodb.KotlinCodecProvider@5f67181f]}, loggerSettings=LoggerSettings{maxDocumentLength=1000}, clusterSettings={hosts=[localhost:27017], srvServiceName=mongodb, mode=SINGLE, requiredClusterType=UNKNOWN, requiredReplicaSetName='null', serverSelector='null', clusterListeners='[]', serverSelectionTimeout='30000 ms', localThreshold='15 ms'}, socketSettings=SocketSettings{connectTimeoutMS=10000, readTimeoutMS=0, receiveBufferSize=0, proxySettings=ProxySettings{host=null, port=null, username=null, password=null}}, heartbeatSocketSettings=SocketSettings{connectTimeoutMS=10000, readTimeoutMS=10000, receiveBufferSize=0, proxySettings=ProxySettings{host=null, port=null, username=null, password=null}}, connectionPoolSettings=ConnectionPoolSettings{maxSize=100, minSize=0, maxWaitTimeMS=120000, maxConnectionLifeTimeMS=0, maxConnectionIdleTimeMS=0, maintenanceInitialDelayMS=0, maintenanceFrequencyMS=60000, connectionPoolListeners=[io.micrometer.core.instrument.binder.mongodb.MongoMetricsConnectionPoolListener@1169fdfd], maxConnecting=2}, serverSettings=ServerSettings{heartbeatFrequencyMS=10000, minHeartbeatFrequencyMS=500, serverMonitoringMode=AUTO, serverListeners='[]', serverMonitorListeners='[]'}, sslSettings=SslSettings{enabled=false, invalidHostNameAllowed=false, context=null}, applicationName='null', compressorList=[], uuidRepresentation=JAVA_LEGACY, serverApi=null, autoEncryptionSettings=null, dnsClient=null, inetAddressResolver=null, contextProvider=null, timeoutMS=null}
2025-09-09T23:19:41.554+05:30  INFO 80556 --- [user-service] [cluster-ClusterId{value='68c068b5b749f077ba857778', description='null'}-localhost:27017] org.mongodb.driver.cluster               : Monitor thread successfully connected to server with description ServerDescription{address=localhost:27017, type=STANDALONE, cryptd=false, state=CONNECTED, ok=true, minWireVersion=0, maxWireVersion=25, maxDocumentSize=16777216, logicalSessionTimeoutMinutes=30, roundTripTimeNanos=23272800, minRoundTripTimeNanos=0}
2025-09-09T23:19:41.612+05:30  WARN 80556 --- [user-service] [main] o.s.data.convert.CustomConversions       : Registering converter from interface java.util.List to interface org.springframework.data.domain.Vector as reading converter although it doesn't convert from a store-supported type; You might want to check your annotation setup at the converter implementation
2025-09-09T23:19:41.856+05:30  WARN 80556 --- [user-service] [main] o.s.data.convert.CustomConversions       : Registering converter from interface java.util.List to interface org.springframework.data.domain.Vector as reading converter although it doesn't convert from a store-supported type; You might want to check your annotation setup at the converter implementation
2025-09-09T23:19:42.662+05:30  WARN 80556 --- [user-service] [main] c.f.c.c.BeanFactoryAwareFunctionRegistry : Failed to locate function 'busConsumer' for function definition 'busConsumer'. Returning null.
2025-09-09T23:19:42.753+05:30  INFO 80556 --- [user-service] [main] o.s.c.s.m.DirectWithAttributesChannel    : Channel 'user-service.springCloudBusInput' has 1 subscriber(s).
2025-09-09T23:19:42.947+05:30  INFO 80556 --- [user-service] [main] DiscoveryClientOptionalArgsConfiguration : Eureka HTTP Client uses RestTemplate.
2025-09-09T23:19:42.990+05:30  WARN 80556 --- [user-service] [main] iguration$LoadBalancerCaffeineWarnLogger : Spring Cloud LoadBalancer is currently working with the default cache. While this cache implementation is useful for development and tests, it's recommended to use Caffeine cache in production.You can switch to using Caffeine cache, by adding it and org.springframework.cache.caffeine.CaffeineCacheManager to the classpath.
2025-09-09T23:19:42.999+05:30  INFO 80556 --- [user-service] [main] o.s.b.a.e.web.EndpointLinksResolver      : Exposing 1 endpoint beneath base path '/actuator'
2025-09-09T23:19:43.073+05:30  INFO 80556 --- [user-service] [main] o.s.i.endpoint.EventDrivenConsumer       : Adding {logging-channel-adapter:_org.springframework.integration.errorLogger} as a subscriber to the 'errorChannel' channel
2025-09-09T23:19:43.073+05:30  INFO 80556 --- [user-service] [main] o.s.i.channel.PublishSubscribeChannel    : Channel 'user-service.errorChannel' has 1 subscriber(s).
2025-09-09T23:19:43.074+05:30  INFO 80556 --- [user-service] [main] o.s.i.endpoint.EventDrivenConsumer       : started bean '_org.springframework.integration.errorLogger'
2025-09-09T23:19:43.107+05:30  INFO 80556 --- [user-service] [main] o.s.c.n.eureka.InstanceInfoFactory       : Setting initial instance status as: STARTING
2025-09-09T23:19:43.128+05:30  INFO 80556 --- [user-service] [main] com.netflix.discovery.DiscoveryClient    : Initializing Eureka in region us-east-1
2025-09-09T23:19:43.132+05:30  INFO 80556 --- [user-service] [main] c.n.d.s.r.aws.ConfigClusterResolver      : Resolving eureka endpoints via configuration
2025-09-09T23:19:43.142+05:30  INFO 80556 --- [user-service] [main] com.netflix.discovery.DiscoveryClient    : Disable delta property : false
2025-09-09T23:19:43.142+05:30  INFO 80556 --- [user-service] [main] com.netflix.discovery.DiscoveryClient    : Single vip registry refresh property : null
2025-09-09T23:19:43.142+05:30  INFO 80556 --- [user-service] [main] com.netflix.discovery.DiscoveryClient    : Force full registry fetch : false
2025-09-09T23:19:43.142+05:30  INFO 80556 --- [user-service] [main] com.netflix.discovery.DiscoveryClient    : Application is null : false
2025-09-09T23:19:43.142+05:30  INFO 80556 --- [user-service] [main] com.netflix.discovery.DiscoveryClient    : Registered Applications size is zero : true
2025-09-09T23:19:43.142+05:30  INFO 80556 --- [user-service] [main] com.netflix.discovery.DiscoveryClient    : Application version is -1: true
2025-09-09T23:19:43.142+05:30  INFO 80556 --- [user-service] [main] com.netflix.discovery.DiscoveryClient    : Getting all instance registry info from the eureka server
2025-09-09T23:19:43.415+05:30  INFO 80556 --- [user-service] [main] com.netflix.discovery.DiscoveryClient    : The response status is 200
2025-09-09T23:19:43.417+05:30  INFO 80556 --- [user-service] [main] com.netflix.discovery.DiscoveryClient    : Starting heartbeat executor: renew interval is: 30
2025-09-09T23:19:43.419+05:30  INFO 80556 --- [user-service] [main] c.n.discovery.InstanceInfoReplicator     : InstanceInfoReplicator onDemand update allowed rate per min is 4
2025-09-09T23:19:43.421+05:30  INFO 80556 --- [user-service] [main] com.netflix.discovery.DiscoveryClient    : Discovery Client initialized at timestamp 1757440183419 with initial instances count: 3
2025-09-09T23:19:43.423+05:30  INFO 80556 --- [user-service] [main] o.s.c.n.e.s.EurekaServiceRegistry        : Registering application USER-SERVICE with eureka with status UP
2025-09-09T23:19:43.424+05:30  INFO 80556 --- [user-service] [main] com.netflix.discovery.DiscoveryClient    : Saw local status change event StatusChangeEvent [timestamp=1757440183424, current=UP, previous=STARTING]
2025-09-09T23:19:43.425+05:30  INFO 80556 --- [user-service] [DiscoveryClient-InstanceInfoReplicator-%d] com.netflix.discovery.DiscoveryClient    : DiscoveryClient_USER-SERVICE/DarshiniTejas.mshome.net:user-service:8082: registering service...
2025-09-09T23:19:43.425+05:30  INFO 80556 --- [user-service] [main] o.s.c.s.binder.DefaultBinderFactory      : Creating binder: rabbit
2025-09-09T23:19:43.426+05:30  INFO 80556 --- [user-service] [main] o.s.c.s.binder.DefaultBinderFactory      : Constructing binder child context for rabbit
2025-09-09T23:19:43.466+05:30  INFO 80556 --- [user-service] [DiscoveryClient-InstanceInfoReplicator-%d] com.netflix.discovery.DiscoveryClient    : DiscoveryClient_USER-SERVICE/DarshiniTejas.mshome.net:user-service:8082 - registration status: 204
2025-09-09T23:19:43.529+05:30  INFO 80556 --- [user-service] [main] o.s.c.s.binder.DefaultBinderFactory      : Caching the binder: rabbit
2025-09-09T23:19:43.549+05:30  INFO 80556 --- [user-service] [main] c.s.b.r.p.RabbitExchangeQueueProvisioner : declaring queue for inbound: springCloudBus.anonymous.udo3R9zAQOyjnyfc2n68HA, bound to: springCloudBus
2025-09-09T23:19:43.553+05:30  INFO 80556 --- [user-service] [main] o.s.a.r.c.CachingConnectionFactory       : Attempting to connect to: [localhost:5672]
2025-09-09T23:19:43.586+05:30  INFO 80556 --- [user-service] [main] o.s.a.r.c.CachingConnectionFactory       : Created new connection: rabbitConnectionFactory#361483eb:0/SimpleConnection@4f378d7e [delegate=amqp://guest@127.0.0.1:5672/, localPort=49694]
2025-09-09T23:19:43.658+05:30  INFO 80556 --- [user-service] [main] o.s.c.stream.binder.BinderErrorChannel   : Channel 'rabbit-2035940323.springCloudBusInput.errors' has 1 subscriber(s).
2025-09-09T23:19:43.661+05:30  INFO 80556 --- [user-service] [main] o.s.c.stream.binder.BinderErrorChannel   : Channel 'rabbit-2035940323.springCloudBusInput.errors' has 2 subscriber(s).
2025-09-09T23:19:43.694+05:30  INFO 80556 --- [user-service] [main] o.s.i.a.i.AmqpInboundChannelAdapter      : started bean 'inbound.springCloudBus.anonymous.udo3R9zAQOyjnyfc2n68HA'
2025-09-09T23:19:43.717+05:30  INFO 80556 --- [user-service] [main] o.s.b.w.embedded.tomcat.TomcatWebServer  : Tomcat started on port 8082 (http) with context path '/'
2025-09-09T23:19:43.718+05:30  INFO 80556 --- [user-service] [main] .s.c.n.e.s.EurekaAutoServiceRegistration : Updating port to 8082
2025-09-09T23:19:43.760+05:30  INFO 80556 --- [user-service] [main] com.ecommerce.user.UserApplication       : Started UserApplication in 5.947 seconds (process running for 6.566)
2025-09-09T23:24:43.144+05:30  INFO 80556 --- [user-service] [AsyncResolver-bootstrap-executor-%d] c.n.d.s.r.aws.ConfigClusterResolver      : Resolving eureka endpoints via configuration
2025-09-09T23:25:57.016+05:30  INFO 80556 --- [user-service] [SpringApplicationShutdownHook] o.s.c.n.e.s.EurekaServiceRegistry        : Unregistering application USER-SERVICE with eureka with status DOWN
2025-09-09T23:25:57.017+05:30  INFO 80556 --- [user-service] [SpringApplicationShutdownHook] com.netflix.discovery.DiscoveryClient    : Saw local status change event StatusChangeEvent [timestamp=1757440557017, current=DOWN, previous=UP]
2025-09-09T23:25:57.018+05:30  INFO 80556 --- [user-service] [DiscoveryClient-InstanceInfoReplicator-%d] com.netflix.discovery.DiscoveryClient    : DiscoveryClient_USER-SERVICE/DarshiniTejas.mshome.net:user-service:8082: registering service...
2025-09-09T23:25:57.028+05:30  INFO 80556 --- [user-service] [SpringApplicationShutdownHook] o.s.b.w.e.tomcat.GracefulShutdown        : Commencing graceful shutdown. Waiting for active requests to complete
2025-09-09T23:25:57.029+05:30  INFO 80556 --- [user-service] [DiscoveryClient-InstanceInfoReplicator-%d] com.netflix.discovery.DiscoveryClient    : DiscoveryClient_USER-SERVICE/DarshiniTejas.mshome.net:user-service:8082 - registration status: 204
2025-09-09T23:25:57.040+05:30  INFO 80556 --- [user-service] [tomcat-shutdown] o.s.b.w.e.tomcat.GracefulShutdown        : Graceful shutdown complete
2025-09-09T23:25:57.060+05:30  INFO 80556 --- [user-service] [SpringApplicationShutdownHook] o.s.a.r.l.SimpleMessageListenerContainer : Waiting for workers to finish.
2025-09-09T23:25:57.431+05:30  INFO 80556 --- [user-service] [SpringApplicationShutdownHook] o.s.a.r.l.SimpleMessageListenerContainer : Successfully waited for workers to finish.
2025-09-09T23:25:57.432+05:30  INFO 80556 --- [user-service] [SpringApplicationShutdownHook] o.s.i.a.i.AmqpInboundChannelAdapter      : stopped bean 'inbound.springCloudBus.anonymous.udo3R9zAQOyjnyfc2n68HA'
2025-09-09T23:25:57.440+05:30  INFO 80556 --- [user-service] [SpringApplicationShutdownHook] o.s.c.stream.binder.BinderErrorChannel   : Channel 'user-service.rabbit-2035940323.springCloudBusInput.errors' has 1 subscriber(s).
2025-09-09T23:25:57.441+05:30  INFO 80556 --- [user-service] [SpringApplicationShutdownHook] o.s.c.stream.binder.BinderErrorChannel   : Channel 'user-service.rabbit-2035940323.springCloudBusInput.errors' has 0 subscriber(s).
2025-09-09T23:25:57.472+05:30  INFO 80556 --- [user-service] [SpringApplicationShutdownHook] o.s.i.endpoint.EventDrivenConsumer       : Removing {logging-channel-adapter:_org.springframework.integration.errorLogger} as a subscriber to the 'errorChannel' channel
2025-09-09T23:25:57.472+05:30  INFO 80556 --- [user-service] [SpringApplicationShutdownHook] o.s.i.channel.PublishSubscribeChannel    : Channel 'user-service.errorChannel' has 0 subscriber(s).
2025-09-09T23:25:57.472+05:30  INFO 80556 --- [user-service] [SpringApplicationShutdownHook] o.s.i.endpoint.EventDrivenConsumer       : stopped bean '_org.springframework.integration.errorLogger'
2025-09-09T23:25:57.482+05:30  INFO 80556 --- [user-service] [SpringApplicationShutdownHook] com.netflix.discovery.DiscoveryClient    : Shutting down DiscoveryClient ...
2025-09-09T23:26:00.484+05:30  INFO 80556 --- [user-service] [SpringApplicationShutdownHook] com.netflix.discovery.DiscoveryClient    : Unregistering ...
2025-09-09T23:26:00.499+05:30  INFO 80556 --- [user-service] [SpringApplicationShutdownHook] com.netflix.discovery.DiscoveryClient    : DiscoveryClient_USER-SERVICE/DarshiniTejas.mshome.net:user-service:8082 - deregister  status: 200
2025-09-09T23:26:00.500+05:30  INFO 80556 --- [user-service] [SpringApplicationShutdownHook] com.netflix.discovery.DiscoveryClient    : Completed shut down of DiscoveryClient
2025-09-09T23:26:02.813+05:30  INFO 71232 --- [user-service] [main] com.ecommerce.user.UserApplication       : Starting UserApplication using Java 24.0.2 with PID 71232 (C:\2024\SCALER ACADEMY\MYMICROSERVICES\EcommerceMicroServiceApplications\user\target\classes started by ninga in C:\2024\SCALER ACADEMY\MYMICROSERVICES\EcommerceMicroServiceApplications)
2025-09-09T23:26:02.817+05:30 DEBUG 71232 --- [user-service] [main] com.ecommerce.user.UserApplication       : Running with Spring Boot v3.5.0, Spring v6.2.7
2025-09-09T23:26:02.817+05:30  INFO 71232 --- [user-service] [main] com.ecommerce.user.UserApplication       : No active profile set, falling back to 1 default profile: "default"
2025-09-09T23:26:04.844+05:30  INFO 71232 --- [user-service] [main] .s.d.r.c.RepositoryConfigurationDelegate : Bootstrapping Spring Data MongoDB repositories in DEFAULT mode.
2025-09-09T23:26:05.075+05:30  INFO 71232 --- [user-service] [main] .s.d.r.c.RepositoryConfigurationDelegate : Finished Spring Data repository scanning in 218 ms. Found 1 MongoDB repository interface.
2025-09-09T23:26:05.444+05:30  INFO 71232 --- [user-service] [main] faultConfiguringBeanFactoryPostProcessor : No bean named 'errorChannel' has been explicitly defined. Therefore, a default PublishSubscribeChannel will be created.
2025-09-09T23:26:05.460+05:30  INFO 71232 --- [user-service] [main] faultConfiguringBeanFactoryPostProcessor : No bean named 'integrationHeaderChannelRegistry' has been explicitly defined. Therefore, a default DefaultHeaderChannelRegistry will be created.
2025-09-09T23:26:05.605+05:30  INFO 71232 --- [user-service] [main] o.s.cloud.context.scope.GenericScope     : BeanFactory id=eb1a36bf-2d76-350e-9f9b-151aad651960
2025-09-09T23:26:06.397+05:30  INFO 71232 --- [user-service] [main] o.s.b.w.embedded.tomcat.TomcatWebServer  : Tomcat initialized with port 8082 (http)
2025-09-09T23:26:06.430+05:30  INFO 71232 --- [user-service] [main] o.apache.catalina.core.StandardService   : Starting service [Tomcat]
2025-09-09T23:26:06.430+05:30  INFO 71232 --- [user-service] [main] o.apache.catalina.core.StandardEngine    : Starting Servlet engine: [Apache Tomcat/10.1.41]
2025-09-09T23:26:06.526+05:30  INFO 71232 --- [user-service] [main] o.a.c.c.C.[Tomcat].[localhost].[/]       : Initializing Spring embedded WebApplicationContext
2025-09-09T23:26:06.527+05:30  INFO 71232 --- [user-service] [main] w.s.c.ServletWebServerApplicationContext : Root WebApplicationContext: initialization completed in 3638 ms
2025-09-09T23:26:07.424+05:30  INFO 71232 --- [user-service] [main] org.mongodb.driver.client                : MongoClient with metadata {"driver": {"name": "mongo-java-driver|sync|spring-boot", "version": "5.4.0"}, "os": {"type": "Windows", "name": "Windows 11", "architecture": "amd64", "version": "10.0"}, "platform": "Java/Oracle Corporation/24.0.2+12-54"} created with settings MongoClientSettings{readPreference=primary, writeConcern=WriteConcern{w=null, wTimeout=null ms, journal=null}, retryWrites=true, retryReads=true, readConcern=ReadConcern{level=null}, credential=null, transportSettings=null, commandListeners=[io.micrometer.core.instrument.binder.mongodb.MongoMetricsCommandListener@1dd443c1], codecRegistry=ProvidersCodecRegistry{codecProviders=[ValueCodecProvider{}, BsonValueCodecProvider{}, DBRefCodecProvider{}, DBObjectCodecProvider{}, DocumentCodecProvider{}, CollectionCodecProvider{}, IterableCodecProvider{}, MapCodecProvider{}, GeoJsonCodecProvider{}, GridFSFileCodecProvider{}, Jsr310CodecProvider{}, JsonObjectCodecProvider{}, BsonCodecProvider{}, EnumCodecProvider{}, com.mongodb.client.model.mql.ExpressionCodecProvider@2aafa84f, com.mongodb.Jep395RecordCodecProvider@448892f1, com.mongodb.KotlinCodecProvider@1626bddf]}, loggerSettings=LoggerSettings{maxDocumentLength=1000}, clusterSettings={hosts=[localhost:27017], srvServiceName=mongodb, mode=SINGLE, requiredClusterType=UNKNOWN, requiredReplicaSetName='null', serverSelector='null', clusterListeners='[]', serverSelectionTimeout='30000 ms', localThreshold='15 ms'}, socketSettings=SocketSettings{connectTimeoutMS=10000, readTimeoutMS=0, receiveBufferSize=0, proxySettings=ProxySettings{host=null, port=null, username=null, password=null}}, heartbeatSocketSettings=SocketSettings{connectTimeoutMS=10000, readTimeoutMS=10000, receiveBufferSize=0, proxySettings=ProxySettings{host=null, port=null, username=null, password=null}}, connectionPoolSettings=ConnectionPoolSettings{maxSize=100, minSize=0, maxWaitTimeMS=120000, maxConnectionLifeTimeMS=0, maxConnectionIdleTimeMS=0, maintenanceInitialDelayMS=0, maintenanceFrequencyMS=60000, connectionPoolListeners=[io.micrometer.core.instrument.binder.mongodb.MongoMetricsConnectionPoolListener@29532e91], maxConnecting=2}, serverSettings=ServerSettings{heartbeatFrequencyMS=10000, minHeartbeatFrequencyMS=500, serverMonitoringMode=AUTO, serverListeners='[]', serverMonitorListeners='[]'}, sslSettings=SslSettings{enabled=false, invalidHostNameAllowed=false, context=null}, applicationName='null', compressorList=[], uuidRepresentation=JAVA_LEGACY, serverApi=null, autoEncryptionSettings=null, dnsClient=null, inetAddressResolver=null, contextProvider=null, timeoutMS=null}
2025-09-09T23:26:07.455+05:30  INFO 71232 --- [user-service] [cluster-ClusterId{value='68c06a37ada4a0e073e53702', description='null'}-localhost:27017] org.mongodb.driver.cluster               : Monitor thread successfully connected to server with description ServerDescription{address=localhost:27017, type=STANDALONE, cryptd=false, state=CONNECTED, ok=true, minWireVersion=0, maxWireVersion=25, maxDocumentSize=16777216, logicalSessionTimeoutMinutes=30, roundTripTimeNanos=50478700, minRoundTripTimeNanos=0}
2025-09-09T23:26:07.569+05:30  WARN 71232 --- [user-service] [main] o.s.data.convert.CustomConversions       : Registering converter from interface java.util.List to interface org.springframework.data.domain.Vector as reading converter although it doesn't convert from a store-supported type; You might want to check your annotation setup at the converter implementation
2025-09-09T23:26:08.036+05:30  WARN 71232 --- [user-service] [main] o.s.data.convert.CustomConversions       : Registering converter from interface java.util.List to interface org.springframework.data.domain.Vector as reading converter although it doesn't convert from a store-supported type; You might want to check your annotation setup at the converter implementation
2025-09-09T23:26:09.338+05:30  WARN 71232 --- [user-service] [main] c.f.c.c.BeanFactoryAwareFunctionRegistry : Failed to locate function 'busConsumer' for function definition 'busConsumer'. Returning null.
2025-09-09T23:26:09.434+05:30  INFO 71232 --- [user-service] [main] o.s.c.s.m.DirectWithAttributesChannel    : Channel 'user-service.springCloudBusInput' has 1 subscriber(s).
2025-09-09T23:26:09.737+05:30  INFO 71232 --- [user-service] [main] DiscoveryClientOptionalArgsConfiguration : Eureka HTTP Client uses RestTemplate.
2025-09-09T23:26:09.822+05:30  WARN 71232 --- [user-service] [main] iguration$LoadBalancerCaffeineWarnLogger : Spring Cloud LoadBalancer is currently working with the default cache. While this cache implementation is useful for development and tests, it's recommended to use Caffeine cache in production.You can switch to using Caffeine cache, by adding it and org.springframework.cache.caffeine.CaffeineCacheManager to the classpath.
2025-09-09T23:26:09.842+05:30  INFO 71232 --- [user-service] [main] o.s.b.a.e.web.EndpointLinksResolver      : Exposing 1 endpoint beneath base path '/actuator'
2025-09-09T23:26:09.981+05:30  INFO 71232 --- [user-service] [main] o.s.i.endpoint.EventDrivenConsumer       : Adding {logging-channel-adapter:_org.springframework.integration.errorLogger} as a subscriber to the 'errorChannel' channel
2025-09-09T23:26:09.981+05:30  INFO 71232 --- [user-service] [main] o.s.i.channel.PublishSubscribeChannel    : Channel 'user-service.errorChannel' has 1 subscriber(s).
2025-09-09T23:26:09.982+05:30  INFO 71232 --- [user-service] [main] o.s.i.endpoint.EventDrivenConsumer       : started bean '_org.springframework.integration.errorLogger'
2025-09-09T23:26:10.051+05:30  INFO 71232 --- [user-service] [main] o.s.c.n.eureka.InstanceInfoFactory       : Setting initial instance status as: STARTING
2025-09-09T23:26:10.083+05:30  INFO 71232 --- [user-service] [main] com.netflix.discovery.DiscoveryClient    : Initializing Eureka in region us-east-1
2025-09-09T23:26:10.088+05:30  INFO 71232 --- [user-service] [main] c.n.d.s.r.aws.ConfigClusterResolver      : Resolving eureka endpoints via configuration
2025-09-09T23:26:10.108+05:30  INFO 71232 --- [user-service] [main] com.netflix.discovery.DiscoveryClient    : Disable delta property : false
2025-09-09T23:26:10.110+05:30  INFO 71232 --- [user-service] [main] com.netflix.discovery.DiscoveryClient    : Single vip registry refresh property : null
2025-09-09T23:26:10.111+05:30  INFO 71232 --- [user-service] [main] com.netflix.discovery.DiscoveryClient    : Force full registry fetch : false
2025-09-09T23:26:10.111+05:30  INFO 71232 --- [user-service] [main] com.netflix.discovery.DiscoveryClient    : Application is null : false
2025-09-09T23:26:10.111+05:30  INFO 71232 --- [user-service] [main] com.netflix.discovery.DiscoveryClient    : Registered Applications size is zero : true
2025-09-09T23:26:10.112+05:30  INFO 71232 --- [user-service] [main] com.netflix.discovery.DiscoveryClient    : Application version is -1: true
2025-09-09T23:26:10.112+05:30  INFO 71232 --- [user-service] [main] com.netflix.discovery.DiscoveryClient    : Getting all instance registry info from the eureka server
2025-09-09T23:26:10.518+05:30  INFO 71232 --- [user-service] [main] com.netflix.discovery.DiscoveryClient    : The response status is 200
2025-09-09T23:26:10.521+05:30  INFO 71232 --- [user-service] [main] com.netflix.discovery.DiscoveryClient    : Starting heartbeat executor: renew interval is: 30
2025-09-09T23:26:10.523+05:30  INFO 71232 --- [user-service] [main] c.n.discovery.InstanceInfoReplicator     : InstanceInfoReplicator onDemand update allowed rate per min is 4
2025-09-09T23:26:10.526+05:30  INFO 71232 --- [user-service] [main] com.netflix.discovery.DiscoveryClient    : Discovery Client initialized at timestamp 1757440570525 with initial instances count: 2
2025-09-09T23:26:10.529+05:30  INFO 71232 --- [user-service] [main] o.s.c.n.e.s.EurekaServiceRegistry        : Registering application USER-SERVICE with eureka with status UP
2025-09-09T23:26:10.530+05:30  INFO 71232 --- [user-service] [main] com.netflix.discovery.DiscoveryClient    : Saw local status change event StatusChangeEvent [timestamp=1757440570530, current=UP, previous=STARTING]
2025-09-09T23:26:10.532+05:30  INFO 71232 --- [user-service] [DiscoveryClient-InstanceInfoReplicator-%d] com.netflix.discovery.DiscoveryClient    : DiscoveryClient_USER-SERVICE/DarshiniTejas.mshome.net:user-service:8082: registering service...
2025-09-09T23:26:10.533+05:30  INFO 71232 --- [user-service] [main] o.s.c.s.binder.DefaultBinderFactory      : Creating binder: rabbit
2025-09-09T23:26:10.534+05:30  INFO 71232 --- [user-service] [main] o.s.c.s.binder.DefaultBinderFactory      : Constructing binder child context for rabbit
2025-09-09T23:26:10.593+05:30  INFO 71232 --- [user-service] [DiscoveryClient-InstanceInfoReplicator-%d] com.netflix.discovery.DiscoveryClient    : DiscoveryClient_USER-SERVICE/DarshiniTejas.mshome.net:user-service:8082 - registration status: 204
2025-09-09T23:26:10.681+05:30  INFO 71232 --- [user-service] [main] o.s.c.s.binder.DefaultBinderFactory      : Caching the binder: rabbit
2025-09-09T23:26:10.702+05:30  INFO 71232 --- [user-service] [main] c.s.b.r.p.RabbitExchangeQueueProvisioner : declaring queue for inbound: springCloudBus.anonymous.29K_DquuRoCysdgKuKwX8g, bound to: springCloudBus
2025-09-09T23:26:10.708+05:30  INFO 71232 --- [user-service] [main] o.s.a.r.c.CachingConnectionFactory       : Attempting to connect to: [localhost:5672]
2025-09-09T23:26:10.752+05:30  INFO 71232 --- [user-service] [main] o.s.a.r.c.CachingConnectionFactory       : Created new connection: rabbitConnectionFactory#3fa50a24:0/SimpleConnection@33490054 [delegate=amqp://guest@127.0.0.1:5672/, localPort=52100]
2025-09-09T23:26:10.828+05:30  INFO 71232 --- [user-service] [main] o.s.c.stream.binder.BinderErrorChannel   : Channel 'rabbit-1880646506.springCloudBusInput.errors' has 1 subscriber(s).
2025-09-09T23:26:10.829+05:30  INFO 71232 --- [user-service] [main] o.s.c.stream.binder.BinderErrorChannel   : Channel 'rabbit-1880646506.springCloudBusInput.errors' has 2 subscriber(s).
2025-09-09T23:26:10.866+05:30  INFO 71232 --- [user-service] [main] o.s.i.a.i.AmqpInboundChannelAdapter      : started bean 'inbound.springCloudBus.anonymous.29K_DquuRoCysdgKuKwX8g'
2025-09-09T23:26:10.889+05:30  INFO 71232 --- [user-service] [main] o.s.b.w.embedded.tomcat.TomcatWebServer  : Tomcat started on port 8082 (http) with context path '/'
2025-09-09T23:26:10.890+05:30  INFO 71232 --- [user-service] [main] .s.c.n.e.s.EurekaAutoServiceRegistration : Updating port to 8082
2025-09-09T23:26:10.941+05:30  INFO 71232 --- [user-service] [main] com.ecommerce.user.UserApplication       : Started UserApplication in 8.857 seconds (process running for 9.546)
2025-09-09T23:28:31.586+05:30  INFO 71232 --- [user-service] [SpringApplicationShutdownHook] o.s.c.n.e.s.EurekaServiceRegistry        : Unregistering application USER-SERVICE with eureka with status DOWN
2025-09-09T23:28:31.587+05:30  INFO 71232 --- [user-service] [SpringApplicationShutdownHook] com.netflix.discovery.DiscoveryClient    : Saw local status change event StatusChangeEvent [timestamp=1757440711587, current=DOWN, previous=UP]
2025-09-09T23:28:31.587+05:30  INFO 71232 --- [user-service] [DiscoveryClient-InstanceInfoReplicator-%d] com.netflix.discovery.DiscoveryClient    : DiscoveryClient_USER-SERVICE/DarshiniTejas.mshome.net:user-service:8082: registering service...
2025-09-09T23:28:31.593+05:30  INFO 71232 --- [user-service] [SpringApplicationShutdownHook] o.s.b.w.e.tomcat.GracefulShutdown        : Commencing graceful shutdown. Waiting for active requests to complete
2025-09-09T23:28:31.597+05:30  INFO 71232 --- [user-service] [DiscoveryClient-InstanceInfoReplicator-%d] com.netflix.discovery.DiscoveryClient    : DiscoveryClient_USER-SERVICE/DarshiniTejas.mshome.net:user-service:8082 - registration status: 204
2025-09-09T23:28:31.605+05:30  INFO 71232 --- [user-service] [tomcat-shutdown] o.s.b.w.e.tomcat.GracefulShutdown        : Graceful shutdown complete
2025-09-09T23:28:31.629+05:30  INFO 71232 --- [user-service] [SpringApplicationShutdownHook] o.s.a.r.l.SimpleMessageListenerContainer : Waiting for workers to finish.
2025-09-09T23:28:32.012+05:30  INFO 71232 --- [user-service] [SpringApplicationShutdownHook] o.s.a.r.l.SimpleMessageListenerContainer : Successfully waited for workers to finish.
2025-09-09T23:28:32.014+05:30  INFO 71232 --- [user-service] [SpringApplicationShutdownHook] o.s.i.a.i.AmqpInboundChannelAdapter      : stopped bean 'inbound.springCloudBus.anonymous.29K_DquuRoCysdgKuKwX8g'
2025-09-09T23:28:32.027+05:30  INFO 71232 --- [user-service] [SpringApplicationShutdownHook] o.s.c.stream.binder.BinderErrorChannel   : Channel 'user-service.rabbit-1880646506.springCloudBusInput.errors' has 1 subscriber(s).
2025-09-09T23:28:32.030+05:30  INFO 71232 --- [user-service] [SpringApplicationShutdownHook] o.s.c.stream.binder.BinderErrorChannel   : Channel 'user-service.rabbit-1880646506.springCloudBusInput.errors' has 0 subscriber(s).
2025-09-09T23:28:32.058+05:30  INFO 71232 --- [user-service] [SpringApplicationShutdownHook] o.s.i.endpoint.EventDrivenConsumer       : Removing {logging-channel-adapter:_org.springframework.integration.errorLogger} as a subscriber to the 'errorChannel' channel
2025-09-09T23:28:32.058+05:30  INFO 71232 --- [user-service] [SpringApplicationShutdownHook] o.s.i.channel.PublishSubscribeChannel    : Channel 'user-service.errorChannel' has 0 subscriber(s).
2025-09-09T23:28:32.059+05:30  INFO 71232 --- [user-service] [SpringApplicationShutdownHook] o.s.i.endpoint.EventDrivenConsumer       : stopped bean '_org.springframework.integration.errorLogger'
2025-09-09T23:28:32.070+05:30  INFO 71232 --- [user-service] [SpringApplicationShutdownHook] com.netflix.discovery.DiscoveryClient    : Shutting down DiscoveryClient ...
2025-09-09T23:28:35.072+05:30  INFO 71232 --- [user-service] [SpringApplicationShutdownHook] com.netflix.discovery.DiscoveryClient    : Unregistering ...
2025-09-09T23:28:35.082+05:30  INFO 71232 --- [user-service] [SpringApplicationShutdownHook] com.netflix.discovery.DiscoveryClient    : DiscoveryClient_USER-SERVICE/DarshiniTejas.mshome.net:user-service:8082 - deregister  status: 200
2025-09-09T23:28:35.083+05:30  INFO 71232 --- [user-service] [SpringApplicationShutdownHook] com.netflix.discovery.DiscoveryClient    : Completed shut down of DiscoveryClient
2025-09-09T23:28:39.776+05:30  INFO 38856 --- [user-service] [main] com.ecommerce.user.UserApplication       : Starting UserApplication using Java 24.0.2 with PID 38856 (C:\2024\SCALER ACADEMY\MYMICROSERVICES\EcommerceMicroServiceApplications\user\target\classes started by ninga in C:\2024\SCALER ACADEMY\MYMICROSERVICES\EcommerceMicroServiceApplications)
2025-09-09T23:28:39.780+05:30 DEBUG 38856 --- [user-service] [main] com.ecommerce.user.UserApplication       : Running with Spring Boot v3.5.0, Spring v6.2.7
2025-09-09T23:28:39.782+05:30  INFO 38856 --- [user-service] [main] com.ecommerce.user.UserApplication       : No active profile set, falling back to 1 default profile: "default"
2025-09-09T23:28:42.765+05:30  INFO 38856 --- [user-service] [main] .s.d.r.c.RepositoryConfigurationDelegate : Bootstrapping Spring Data MongoDB repositories in DEFAULT mode.
2025-09-09T23:28:43.052+05:30  INFO 38856 --- [user-service] [main] .s.d.r.c.RepositoryConfigurationDelegate : Finished Spring Data repository scanning in 272 ms. Found 1 MongoDB repository interface.
2025-09-09T23:28:43.492+05:30  INFO 38856 --- [user-service] [main] faultConfiguringBeanFactoryPostProcessor : No bean named 'errorChannel' has been explicitly defined. Therefore, a default PublishSubscribeChannel will be created.
2025-09-09T23:28:43.511+05:30  INFO 38856 --- [user-service] [main] faultConfiguringBeanFactoryPostProcessor : No bean named 'integrationHeaderChannelRegistry' has been explicitly defined. Therefore, a default DefaultHeaderChannelRegistry will be created.
2025-09-09T23:28:43.718+05:30  INFO 38856 --- [user-service] [main] o.s.cloud.context.scope.GenericScope     : BeanFactory id=eb1a36bf-2d76-350e-9f9b-151aad651960
2025-09-09T23:28:44.544+05:30  INFO 38856 --- [user-service] [main] o.s.b.w.embedded.tomcat.TomcatWebServer  : Tomcat initialized with port 8082 (http)
2025-09-09T23:28:44.570+05:30  INFO 38856 --- [user-service] [main] o.apache.catalina.core.StandardService   : Starting service [Tomcat]
2025-09-09T23:28:44.572+05:30  INFO 38856 --- [user-service] [main] o.apache.catalina.core.StandardEngine    : Starting Servlet engine: [Apache Tomcat/10.1.41]
2025-09-09T23:28:44.694+05:30  INFO 38856 --- [user-service] [main] o.a.c.c.C.[Tomcat].[localhost].[/]       : Initializing Spring embedded WebApplicationContext
2025-09-09T23:28:44.695+05:30  INFO 38856 --- [user-service] [main] w.s.c.ServletWebServerApplicationContext : Root WebApplicationContext: initialization completed in 4808 ms
2025-09-09T23:28:45.767+05:30  INFO 38856 --- [user-service] [main] org.mongodb.driver.client                : MongoClient with metadata {"driver": {"name": "mongo-java-driver|sync|spring-boot", "version": "5.4.0"}, "os": {"type": "Windows", "name": "Windows 11", "architecture": "amd64", "version": "10.0"}, "platform": "Java/Oracle Corporation/24.0.2+12-54"} created with settings MongoClientSettings{readPreference=primary, writeConcern=WriteConcern{w=null, wTimeout=null ms, journal=null}, retryWrites=true, retryReads=true, readConcern=ReadConcern{level=null}, credential=null, transportSettings=null, commandListeners=[io.micrometer.core.instrument.binder.mongodb.MongoMetricsCommandListener@28b2e4d8], codecRegistry=ProvidersCodecRegistry{codecProviders=[ValueCodecProvider{}, BsonValueCodecProvider{}, DBRefCodecProvider{}, DBObjectCodecProvider{}, DocumentCodecProvider{}, CollectionCodecProvider{}, IterableCodecProvider{}, MapCodecProvider{}, GeoJsonCodecProvider{}, GridFSFileCodecProvider{}, Jsr310CodecProvider{}, JsonObjectCodecProvider{}, BsonCodecProvider{}, EnumCodecProvider{}, com.mongodb.client.model.mql.ExpressionCodecProvider@598e5cb8, com.mongodb.Jep395RecordCodecProvider@199806aa, com.mongodb.KotlinCodecProvider@300aa927]}, loggerSettings=LoggerSettings{maxDocumentLength=1000}, clusterSettings={hosts=[localhost:27017], srvServiceName=mongodb, mode=SINGLE, requiredClusterType=UNKNOWN, requiredReplicaSetName='null', serverSelector='null', clusterListeners='[]', serverSelectionTimeout='30000 ms', localThreshold='15 ms'}, socketSettings=SocketSettings{connectTimeoutMS=10000, readTimeoutMS=0, receiveBufferSize=0, proxySettings=ProxySettings{host=null, port=null, username=null, password=null}}, heartbeatSocketSettings=SocketSettings{connectTimeoutMS=10000, readTimeoutMS=10000, receiveBufferSize=0, proxySettings=ProxySettings{host=null, port=null, username=null, password=null}}, connectionPoolSettings=ConnectionPoolSettings{maxSize=100, minSize=0, maxWaitTimeMS=120000, maxConnectionLifeTimeMS=0, maxConnectionIdleTimeMS=0, maintenanceInitialDelayMS=0, maintenanceFrequencyMS=60000, connectionPoolListeners=[io.micrometer.core.instrument.binder.mongodb.MongoMetricsConnectionPoolListener@fa11fda], maxConnecting=2}, serverSettings=ServerSettings{heartbeatFrequencyMS=10000, minHeartbeatFrequencyMS=500, serverMonitoringMode=AUTO, serverListeners='[]', serverMonitorListeners='[]'}, sslSettings=SslSettings{enabled=false, invalidHostNameAllowed=false, context=null}, applicationName='null', compressorList=[], uuidRepresentation=JAVA_LEGACY, serverApi=null, autoEncryptionSettings=null, dnsClient=null, inetAddressResolver=null, contextProvider=null, timeoutMS=null}
2025-09-09T23:28:45.770+05:30  INFO 38856 --- [user-service] [cluster-ClusterId{value='68c06ad509ed892889f1f3d7', description='null'}-localhost:27017] org.mongodb.driver.cluster               : Monitor thread successfully connected to server with description ServerDescription{address=localhost:27017, type=STANDALONE, cryptd=false, state=CONNECTED, ok=true, minWireVersion=0, maxWireVersion=25, maxDocumentSize=16777216, logicalSessionTimeoutMinutes=30, roundTripTimeNanos=55335300, minRoundTripTimeNanos=0}
2025-09-09T23:28:45.907+05:30  WARN 38856 --- [user-service] [main] o.s.data.convert.CustomConversions       : Registering converter from interface java.util.List to interface org.springframework.data.domain.Vector as reading converter although it doesn't convert from a store-supported type; You might want to check your annotation setup at the converter implementation
2025-09-09T23:28:46.496+05:30  WARN 38856 --- [user-service] [main] o.s.data.convert.CustomConversions       : Registering converter from interface java.util.List to interface org.springframework.data.domain.Vector as reading converter although it doesn't convert from a store-supported type; You might want to check your annotation setup at the converter implementation
2025-09-09T23:28:48.634+05:30  WARN 38856 --- [user-service] [main] c.f.c.c.BeanFactoryAwareFunctionRegistry : Failed to locate function 'busConsumer' for function definition 'busConsumer'. Returning null.
2025-09-09T23:28:48.818+05:30  INFO 38856 --- [user-service] [main] o.s.c.s.m.DirectWithAttributesChannel    : Channel 'user-service.springCloudBusInput' has 1 subscriber(s).
2025-09-09T23:28:49.399+05:30  INFO 38856 --- [user-service] [main] DiscoveryClientOptionalArgsConfiguration : Eureka HTTP Client uses RestTemplate.
2025-09-09T23:28:49.853+05:30  WARN 38856 --- [user-service] [main] iguration$LoadBalancerCaffeineWarnLogger : Spring Cloud LoadBalancer is currently working with the default cache. While this cache implementation is useful for development and tests, it's recommended to use Caffeine cache in production.You can switch to using Caffeine cache, by adding it and org.springframework.cache.caffeine.CaffeineCacheManager to the classpath.
2025-09-09T23:28:49.893+05:30  INFO 38856 --- [user-service] [main] o.s.b.a.e.web.EndpointLinksResolver      : Exposing 1 endpoint beneath base path '/actuator'
2025-09-09T23:28:50.274+05:30  INFO 38856 --- [user-service] [main] o.s.i.endpoint.EventDrivenConsumer       : Adding {logging-channel-adapter:_org.springframework.integration.errorLogger} as a subscriber to the 'errorChannel' channel
2025-09-09T23:28:50.274+05:30  INFO 38856 --- [user-service] [main] o.s.i.channel.PublishSubscribeChannel    : Channel 'user-service.errorChannel' has 1 subscriber(s).
2025-09-09T23:28:50.275+05:30  INFO 38856 --- [user-service] [main] o.s.i.endpoint.EventDrivenConsumer       : started bean '_org.springframework.integration.errorLogger'
2025-09-09T23:28:50.387+05:30  INFO 38856 --- [user-service] [main] o.s.c.n.eureka.InstanceInfoFactory       : Setting initial instance status as: STARTING
2025-09-09T23:28:50.485+05:30  INFO 38856 --- [user-service] [main] com.netflix.discovery.DiscoveryClient    : Initializing Eureka in region us-east-1
2025-09-09T23:28:50.499+05:30  INFO 38856 --- [user-service] [main] c.n.d.s.r.aws.ConfigClusterResolver      : Resolving eureka endpoints via configuration
2025-09-09T23:28:50.521+05:30  INFO 38856 --- [user-service] [main] com.netflix.discovery.DiscoveryClient    : Disable delta property : false
2025-09-09T23:28:50.523+05:30  INFO 38856 --- [user-service] [main] com.netflix.discovery.DiscoveryClient    : Single vip registry refresh property : null
2025-09-09T23:28:50.524+05:30  INFO 38856 --- [user-service] [main] com.netflix.discovery.DiscoveryClient    : Force full registry fetch : false
2025-09-09T23:28:50.524+05:30  INFO 38856 --- [user-service] [main] com.netflix.discovery.DiscoveryClient    : Application is null : false
2025-09-09T23:28:50.524+05:30  INFO 38856 --- [user-service] [main] com.netflix.discovery.DiscoveryClient    : Registered Applications size is zero : true
2025-09-09T23:28:50.524+05:30  INFO 38856 --- [user-service] [main] com.netflix.discovery.DiscoveryClient    : Application version is -1: true
2025-09-09T23:28:50.524+05:30  INFO 38856 --- [user-service] [main] com.netflix.discovery.DiscoveryClient    : Getting all instance registry info from the eureka server
2025-09-09T23:28:51.483+05:30  INFO 38856 --- [user-service] [main] com.netflix.discovery.DiscoveryClient    : The response status is 200
2025-09-09T23:28:51.491+05:30  INFO 38856 --- [user-service] [main] com.netflix.discovery.DiscoveryClient    : Starting heartbeat executor: renew interval is: 30
2025-09-09T23:28:51.495+05:30  INFO 38856 --- [user-service] [main] c.n.discovery.InstanceInfoReplicator     : InstanceInfoReplicator onDemand update allowed rate per min is 4
2025-09-09T23:28:51.502+05:30  INFO 38856 --- [user-service] [main] com.netflix.discovery.DiscoveryClient    : Discovery Client initialized at timestamp 1757440731497 with initial instances count: 3
2025-09-09T23:28:51.508+05:30  INFO 38856 --- [user-service] [main] o.s.c.n.e.s.EurekaServiceRegistry        : Registering application USER-SERVICE with eureka with status UP
2025-09-09T23:28:51.509+05:30  INFO 38856 --- [user-service] [main] com.netflix.discovery.DiscoveryClient    : Saw local status change event StatusChangeEvent [timestamp=1757440731509, current=UP, previous=STARTING]
2025-09-09T23:28:51.515+05:30  INFO 38856 --- [user-service] [DiscoveryClient-InstanceInfoReplicator-%d] com.netflix.discovery.DiscoveryClient    : DiscoveryClient_USER-SERVICE/DarshiniTejas.mshome.net:user-service:8082: registering service...
2025-09-09T23:28:51.516+05:30  INFO 38856 --- [user-service] [main] o.s.c.s.binder.DefaultBinderFactory      : Creating binder: rabbit
2025-09-09T23:28:51.519+05:30  INFO 38856 --- [user-service] [main] o.s.c.s.binder.DefaultBinderFactory      : Constructing binder child context for rabbit
2025-09-09T23:28:51.641+05:30  INFO 38856 --- [user-service] [DiscoveryClient-InstanceInfoReplicator-%d] com.netflix.discovery.DiscoveryClient    : DiscoveryClient_USER-SERVICE/DarshiniTejas.mshome.net:user-service:8082 - registration status: 204
2025-09-09T23:28:51.923+05:30  INFO 38856 --- [user-service] [main] o.s.c.s.binder.DefaultBinderFactory      : Caching the binder: rabbit
2025-09-09T23:28:52.024+05:30  INFO 38856 --- [user-service] [main] c.s.b.r.p.RabbitExchangeQueueProvisioner : declaring queue for inbound: springCloudBus.anonymous.7maBkOELQ8mU0WG5pRbTFg, bound to: springCloudBus
2025-09-09T23:28:52.033+05:30  INFO 38856 --- [user-service] [main] o.s.a.r.c.CachingConnectionFactory       : Attempting to connect to: [localhost:5672]
2025-09-09T23:28:52.183+05:30  INFO 38856 --- [user-service] [main] o.s.a.r.c.CachingConnectionFactory       : Created new connection: rabbitConnectionFactory#3adbd038:0/SimpleConnection@5ab7e997 [delegate=amqp://guest@127.0.0.1:5672/, localPort=63800]
2025-09-09T23:28:52.429+05:30  INFO 38856 --- [user-service] [main] o.s.c.stream.binder.BinderErrorChannel   : Channel 'rabbit-76017701.springCloudBusInput.errors' has 1 subscriber(s).
2025-09-09T23:28:52.432+05:30  INFO 38856 --- [user-service] [main] o.s.c.stream.binder.BinderErrorChannel   : Channel 'rabbit-76017701.springCloudBusInput.errors' has 2 subscriber(s).
2025-09-09T23:28:52.499+05:30  INFO 38856 --- [user-service] [main] o.s.i.a.i.AmqpInboundChannelAdapter      : started bean 'inbound.springCloudBus.anonymous.7maBkOELQ8mU0WG5pRbTFg'
2025-09-09T23:28:52.560+05:30  INFO 38856 --- [user-service] [main] o.s.b.w.embedded.tomcat.TomcatWebServer  : Tomcat started on port 8082 (http) with context path '/'
2025-09-09T23:28:52.567+05:30  INFO 38856 --- [user-service] [main] .s.c.n.e.s.EurekaAutoServiceRegistration : Updating port to 8082
2025-09-09T23:28:52.682+05:30  INFO 38856 --- [user-service] [main] com.ecommerce.user.UserApplication       : Started UserApplication in 13.898 seconds (process running for 14.663)
2025-09-09T23:29:47.229+05:30  INFO 38856 --- [user-service] [SpringApplicationShutdownHook] o.s.c.n.e.s.EurekaServiceRegistry        : Unregistering application USER-SERVICE with eureka with status DOWN
2025-09-09T23:29:47.230+05:30  INFO 38856 --- [user-service] [SpringApplicationShutdownHook] com.netflix.discovery.DiscoveryClient    : Saw local status change event StatusChangeEvent [timestamp=1757440787230, current=DOWN, previous=UP]
2025-09-09T23:29:47.231+05:30  INFO 38856 --- [user-service] [DiscoveryClient-InstanceInfoReplicator-%d] com.netflix.discovery.DiscoveryClient    : DiscoveryClient_USER-SERVICE/DarshiniTejas.mshome.net:user-service:8082: registering service...
2025-09-09T23:29:47.244+05:30  INFO 38856 --- [user-service] [SpringApplicationShutdownHook] o.s.b.w.e.tomcat.GracefulShutdown        : Commencing graceful shutdown. Waiting for active requests to complete
2025-09-09T23:29:47.245+05:30  INFO 38856 --- [user-service] [DiscoveryClient-InstanceInfoReplicator-%d] com.netflix.discovery.DiscoveryClient    : DiscoveryClient_USER-SERVICE/DarshiniTejas.mshome.net:user-service:8082 - registration status: 204
2025-09-09T23:29:47.268+05:30  INFO 38856 --- [user-service] [tomcat-shutdown] o.s.b.w.e.tomcat.GracefulShutdown        : Graceful shutdown complete
2025-09-09T23:29:47.290+05:30  INFO 38856 --- [user-service] [SpringApplicationShutdownHook] o.s.a.r.l.SimpleMessageListenerContainer : Waiting for workers to finish.
2025-09-09T23:29:47.568+05:30  INFO 38856 --- [user-service] [SpringApplicationShutdownHook] o.s.a.r.l.SimpleMessageListenerContainer : Successfully waited for workers to finish.
2025-09-09T23:29:47.569+05:30  INFO 38856 --- [user-service] [SpringApplicationShutdownHook] o.s.i.a.i.AmqpInboundChannelAdapter      : stopped bean 'inbound.springCloudBus.anonymous.7maBkOELQ8mU0WG5pRbTFg'
2025-09-09T23:29:47.579+05:30  INFO 38856 --- [user-service] [SpringApplicationShutdownHook] o.s.c.stream.binder.BinderErrorChannel   : Channel 'user-service.rabbit-76017701.springCloudBusInput.errors' has 1 subscriber(s).
2025-09-09T23:29:47.580+05:30  INFO 38856 --- [user-service] [SpringApplicationShutdownHook] o.s.c.stream.binder.BinderErrorChannel   : Channel 'user-service.rabbit-76017701.springCloudBusInput.errors' has 0 subscriber(s).
2025-09-09T23:29:47.602+05:30  INFO 38856 --- [user-service] [SpringApplicationShutdownHook] o.s.i.endpoint.EventDrivenConsumer       : Removing {logging-channel-adapter:_org.springframework.integration.errorLogger} as a subscriber to the 'errorChannel' channel
2025-09-09T23:29:47.602+05:30  INFO 38856 --- [user-service] [SpringApplicationShutdownHook] o.s.i.channel.PublishSubscribeChannel    : Channel 'user-service.errorChannel' has 0 subscriber(s).
2025-09-09T23:29:47.602+05:30  INFO 38856 --- [user-service] [SpringApplicationShutdownHook] o.s.i.endpoint.EventDrivenConsumer       : stopped bean '_org.springframework.integration.errorLogger'
2025-09-09T23:29:47.614+05:30  INFO 38856 --- [user-service] [SpringApplicationShutdownHook] com.netflix.discovery.DiscoveryClient    : Shutting down DiscoveryClient ...
2025-09-09T23:29:50.615+05:30  INFO 38856 --- [user-service] [SpringApplicationShutdownHook] com.netflix.discovery.DiscoveryClient    : Unregistering ...
2025-09-09T23:29:50.626+05:30  INFO 38856 --- [user-service] [SpringApplicationShutdownHook] com.netflix.discovery.DiscoveryClient    : DiscoveryClient_USER-SERVICE/DarshiniTejas.mshome.net:user-service:8082 - deregister  status: 200
2025-09-09T23:29:50.626+05:30  INFO 38856 --- [user-service] [SpringApplicationShutdownHook] com.netflix.discovery.DiscoveryClient    : Completed shut down of DiscoveryClient
2025-09-09T23:29:52.707+05:30  INFO 79784 --- [user-service] [main] com.ecommerce.user.UserApplication       : Starting UserApplication using Java 24.0.2 with PID 79784 (C:\2024\SCALER ACADEMY\MYMICROSERVICES\EcommerceMicroServiceApplications\user\target\classes started by ninga in C:\2024\SCALER ACADEMY\MYMICROSERVICES\EcommerceMicroServiceApplications)
2025-09-09T23:29:52.710+05:30 DEBUG 79784 --- [user-service] [main] com.ecommerce.user.UserApplication       : Running with Spring Boot v3.5.0, Spring v6.2.7
2025-09-09T23:29:52.711+05:30  INFO 79784 --- [user-service] [main] com.ecommerce.user.UserApplication       : No active profile set, falling back to 1 default profile: "default"
2025-09-09T23:29:54.899+05:30  INFO 79784 --- [user-service] [main] .s.d.r.c.RepositoryConfigurationDelegate : Bootstrapping Spring Data MongoDB repositories in DEFAULT mode.
2025-09-09T23:29:55.086+05:30  INFO 79784 --- [user-service] [main] .s.d.r.c.RepositoryConfigurationDelegate : Finished Spring Data repository scanning in 173 ms. Found 1 MongoDB repository interface.
2025-09-09T23:29:55.507+05:30  INFO 79784 --- [user-service] [main] faultConfiguringBeanFactoryPostProcessor : No bean named 'errorChannel' has been explicitly defined. Therefore, a default PublishSubscribeChannel will be created.
2025-09-09T23:29:55.519+05:30  INFO 79784 --- [user-service] [main] faultConfiguringBeanFactoryPostProcessor : No bean named 'integrationHeaderChannelRegistry' has been explicitly defined. Therefore, a default DefaultHeaderChannelRegistry will be created.
2025-09-09T23:29:55.705+05:30  INFO 79784 --- [user-service] [main] o.s.cloud.context.scope.GenericScope     : BeanFactory id=eb1a36bf-2d76-350e-9f9b-151aad651960
2025-09-09T23:29:56.491+05:30  INFO 79784 --- [user-service] [main] o.s.b.w.embedded.tomcat.TomcatWebServer  : Tomcat initialized with port 8082 (http)
2025-09-09T23:29:56.522+05:30  INFO 79784 --- [user-service] [main] o.apache.catalina.core.StandardService   : Starting service [Tomcat]
2025-09-09T23:29:56.523+05:30  INFO 79784 --- [user-service] [main] o.apache.catalina.core.StandardEngine    : Starting Servlet engine: [Apache Tomcat/10.1.41]
2025-09-09T23:29:56.649+05:30  INFO 79784 --- [user-service] [main] o.a.c.c.C.[Tomcat].[localhost].[/]       : Initializing Spring embedded WebApplicationContext
2025-09-09T23:29:56.650+05:30  INFO 79784 --- [user-service] [main] w.s.c.ServletWebServerApplicationContext : Root WebApplicationContext: initialization completed in 3865 ms
2025-09-09T23:29:57.522+05:30  INFO 79784 --- [user-service] [main] org.mongodb.driver.client                : MongoClient with metadata {"driver": {"name": "mongo-java-driver|sync|spring-boot", "version": "5.4.0"}, "os": {"type": "Windows", "name": "Windows 11", "architecture": "amd64", "version": "10.0"}, "platform": "Java/Oracle Corporation/24.0.2+12-54"} created with settings MongoClientSettings{readPreference=primary, writeConcern=WriteConcern{w=null, wTimeout=null ms, journal=null}, retryWrites=true, retryReads=true, readConcern=ReadConcern{level=null}, credential=null, transportSettings=null, commandListeners=[io.micrometer.core.instrument.binder.mongodb.MongoMetricsCommandListener@7e691624], codecRegistry=ProvidersCodecRegistry{codecProviders=[ValueCodecProvider{}, BsonValueCodecProvider{}, DBRefCodecProvider{}, DBObjectCodecProvider{}, DocumentCodecProvider{}, CollectionCodecProvider{}, IterableCodecProvider{}, MapCodecProvider{}, GeoJsonCodecProvider{}, GridFSFileCodecProvider{}, Jsr310CodecProvider{}, JsonObjectCodecProvider{}, BsonCodecProvider{}, EnumCodecProvider{}, com.mongodb.client.model.mql.ExpressionCodecProvider@7ef60c02, com.mongodb.Jep395RecordCodecProvider@5d9d8e46, com.mongodb.KotlinCodecProvider@6d0a14c2]}, loggerSettings=LoggerSettings{maxDocumentLength=1000}, clusterSettings={hosts=[localhost:27017], srvServiceName=mongodb, mode=SINGLE, requiredClusterType=UNKNOWN, requiredReplicaSetName='null', serverSelector='null', clusterListeners='[]', serverSelectionTimeout='30000 ms', localThreshold='15 ms'}, socketSettings=SocketSettings{connectTimeoutMS=10000, readTimeoutMS=0, receiveBufferSize=0, proxySettings=ProxySettings{host=null, port=null, username=null, password=null}}, heartbeatSocketSettings=SocketSettings{connectTimeoutMS=10000, readTimeoutMS=10000, receiveBufferSize=0, proxySettings=ProxySettings{host=null, port=null, username=null, password=null}}, connectionPoolSettings=ConnectionPoolSettings{maxSize=100, minSize=0, maxWaitTimeMS=120000, maxConnectionLifeTimeMS=0, maxConnectionIdleTimeMS=0, maintenanceInitialDelayMS=0, maintenanceFrequencyMS=60000, connectionPoolListeners=[io.micrometer.core.instrument.binder.mongodb.MongoMetricsConnectionPoolListener@5b64f771], maxConnecting=2}, serverSettings=ServerSettings{heartbeatFrequencyMS=10000, minHeartbeatFrequencyMS=500, serverMonitoringMode=AUTO, serverListeners='[]', serverMonitorListeners='[]'}, sslSettings=SslSettings{enabled=false, invalidHostNameAllowed=false, context=null}, applicationName='null', compressorList=[], uuidRepresentation=JAVA_LEGACY, serverApi=null, autoEncryptionSettings=null, dnsClient=null, inetAddressResolver=null, contextProvider=null, timeoutMS=null}
2025-09-09T23:29:57.555+05:30  INFO 79784 --- [user-service] [cluster-ClusterId{value='68c06b1dad8f91aeb01c81ec', description='null'}-localhost:27017] org.mongodb.driver.cluster               : Monitor thread successfully connected to server with description ServerDescription{address=localhost:27017, type=STANDALONE, cryptd=false, state=CONNECTED, ok=true, minWireVersion=0, maxWireVersion=25, maxDocumentSize=16777216, logicalSessionTimeoutMinutes=30, roundTripTimeNanos=51598400, minRoundTripTimeNanos=0}
2025-09-09T23:29:57.670+05:30  WARN 79784 --- [user-service] [main] o.s.data.convert.CustomConversions       : Registering converter from interface java.util.List to interface org.springframework.data.domain.Vector as reading converter although it doesn't convert from a store-supported type; You might want to check your annotation setup at the converter implementation
2025-09-09T23:29:58.105+05:30  WARN 79784 --- [user-service] [main] o.s.data.convert.CustomConversions       : Registering converter from interface java.util.List to interface org.springframework.data.domain.Vector as reading converter although it doesn't convert from a store-supported type; You might want to check your annotation setup at the converter implementation
2025-09-09T23:29:59.379+05:30  WARN 79784 --- [user-service] [main] c.f.c.c.BeanFactoryAwareFunctionRegistry : Failed to locate function 'busConsumer' for function definition 'busConsumer'. Returning null.
2025-09-09T23:29:59.534+05:30  INFO 79784 --- [user-service] [main] o.s.c.s.m.DirectWithAttributesChannel    : Channel 'user-service.springCloudBusInput' has 1 subscriber(s).
2025-09-09T23:29:59.869+05:30  INFO 79784 --- [user-service] [main] DiscoveryClientOptionalArgsConfiguration : Eureka HTTP Client uses RestTemplate.
2025-09-09T23:29:59.951+05:30  WARN 79784 --- [user-service] [main] iguration$LoadBalancerCaffeineWarnLogger : Spring Cloud LoadBalancer is currently working with the default cache. While this cache implementation is useful for development and tests, it's recommended to use Caffeine cache in production.You can switch to using Caffeine cache, by adding it and org.springframework.cache.caffeine.CaffeineCacheManager to the classpath.
2025-09-09T23:29:59.966+05:30  INFO 79784 --- [user-service] [main] o.s.b.a.e.web.EndpointLinksResolver      : Exposing 1 endpoint beneath base path '/actuator'
2025-09-09T23:30:00.096+05:30  INFO 79784 --- [user-service] [main] o.s.i.endpoint.EventDrivenConsumer       : Adding {logging-channel-adapter:_org.springframework.integration.errorLogger} as a subscriber to the 'errorChannel' channel
2025-09-09T23:30:00.097+05:30  INFO 79784 --- [user-service] [main] o.s.i.channel.PublishSubscribeChannel    : Channel 'user-service.errorChannel' has 1 subscriber(s).
2025-09-09T23:30:00.099+05:30  INFO 79784 --- [user-service] [main] o.s.i.endpoint.EventDrivenConsumer       : started bean '_org.springframework.integration.errorLogger'
2025-09-09T23:30:00.164+05:30  INFO 79784 --- [user-service] [main] o.s.c.n.eureka.InstanceInfoFactory       : Setting initial instance status as: STARTING
2025-09-09T23:30:00.189+05:30  INFO 79784 --- [user-service] [main] com.netflix.discovery.DiscoveryClient    : Initializing Eureka in region us-east-1
2025-09-09T23:30:00.194+05:30  INFO 79784 --- [user-service] [main] c.n.d.s.r.aws.ConfigClusterResolver      : Resolving eureka endpoints via configuration
2025-09-09T23:30:00.205+05:30  INFO 79784 --- [user-service] [main] com.netflix.discovery.DiscoveryClient    : Disable delta property : false
2025-09-09T23:30:00.206+05:30  INFO 79784 --- [user-service] [main] com.netflix.discovery.DiscoveryClient    : Single vip registry refresh property : null
2025-09-09T23:30:00.206+05:30  INFO 79784 --- [user-service] [main] com.netflix.discovery.DiscoveryClient    : Force full registry fetch : false
2025-09-09T23:30:00.206+05:30  INFO 79784 --- [user-service] [main] com.netflix.discovery.DiscoveryClient    : Application is null : false
2025-09-09T23:30:00.206+05:30  INFO 79784 --- [user-service] [main] com.netflix.discovery.DiscoveryClient    : Registered Applications size is zero : true
2025-09-09T23:30:00.207+05:30  INFO 79784 --- [user-service] [main] com.netflix.discovery.DiscoveryClient    : Application version is -1: true
2025-09-09T23:30:00.207+05:30  INFO 79784 --- [user-service] [main] com.netflix.discovery.DiscoveryClient    : Getting all instance registry info from the eureka server
2025-09-09T23:30:00.640+05:30  INFO 79784 --- [user-service] [main] com.netflix.discovery.DiscoveryClient    : The response status is 200
2025-09-09T23:30:00.645+05:30  INFO 79784 --- [user-service] [main] com.netflix.discovery.DiscoveryClient    : Starting heartbeat executor: renew interval is: 30
2025-09-09T23:30:00.647+05:30  INFO 79784 --- [user-service] [main] c.n.discovery.InstanceInfoReplicator     : InstanceInfoReplicator onDemand update allowed rate per min is 4
2025-09-09T23:30:00.649+05:30  INFO 79784 --- [user-service] [main] com.netflix.discovery.DiscoveryClient    : Discovery Client initialized at timestamp 1757440800648 with initial instances count: 3
2025-09-09T23:30:00.652+05:30  INFO 79784 --- [user-service] [main] o.s.c.n.e.s.EurekaServiceRegistry        : Registering application USER-SERVICE with eureka with status UP
2025-09-09T23:30:00.652+05:30  INFO 79784 --- [user-service] [main] com.netflix.discovery.DiscoveryClient    : Saw local status change event StatusChangeEvent [timestamp=1757440800652, current=UP, previous=STARTING]
2025-09-09T23:30:00.656+05:30  INFO 79784 --- [user-service] [DiscoveryClient-InstanceInfoReplicator-%d] com.netflix.discovery.DiscoveryClient    : DiscoveryClient_USER-SERVICE/DarshiniTejas.mshome.net:user-service:8082: registering service...
2025-09-09T23:30:00.656+05:30  INFO 79784 --- [user-service] [main] o.s.c.s.binder.DefaultBinderFactory      : Creating binder: rabbit
2025-09-09T23:30:00.657+05:30  INFO 79784 --- [user-service] [main] o.s.c.s.binder.DefaultBinderFactory      : Constructing binder child context for rabbit
2025-09-09T23:30:00.721+05:30  INFO 79784 --- [user-service] [DiscoveryClient-InstanceInfoReplicator-%d] com.netflix.discovery.DiscoveryClient    : DiscoveryClient_USER-SERVICE/DarshiniTejas.mshome.net:user-service:8082 - registration status: 204
2025-09-09T23:30:00.815+05:30  INFO 79784 --- [user-service] [main] o.s.c.s.binder.DefaultBinderFactory      : Caching the binder: rabbit
2025-09-09T23:30:00.842+05:30  INFO 79784 --- [user-service] [main] c.s.b.r.p.RabbitExchangeQueueProvisioner : declaring queue for inbound: springCloudBus.anonymous.MMxHR2YgSf6lc83VDDqEMQ, bound to: springCloudBus
2025-09-09T23:30:00.846+05:30  INFO 79784 --- [user-service] [main] o.s.a.r.c.CachingConnectionFactory       : Attempting to connect to: [localhost:5672]
2025-09-09T23:30:00.887+05:30  INFO 79784 --- [user-service] [main] o.s.a.r.c.CachingConnectionFactory       : Created new connection: rabbitConnectionFactory#49222187:0/SimpleConnection@661d49d1 [delegate=amqp://guest@127.0.0.1:5672/, localPort=59539]
2025-09-09T23:30:00.969+05:30  INFO 79784 --- [user-service] [main] o.s.c.stream.binder.BinderErrorChannel   : Channel 'rabbit-1035787787.springCloudBusInput.errors' has 1 subscriber(s).
2025-09-09T23:30:00.970+05:30  INFO 79784 --- [user-service] [main] o.s.c.stream.binder.BinderErrorChannel   : Channel 'rabbit-1035787787.springCloudBusInput.errors' has 2 subscriber(s).
2025-09-09T23:30:01.003+05:30  INFO 79784 --- [user-service] [main] o.s.i.a.i.AmqpInboundChannelAdapter      : started bean 'inbound.springCloudBus.anonymous.MMxHR2YgSf6lc83VDDqEMQ'
2025-09-09T23:30:01.030+05:30  INFO 79784 --- [user-service] [main] o.s.b.w.embedded.tomcat.TomcatWebServer  : Tomcat started on port 8082 (http) with context path '/'
2025-09-09T23:30:01.032+05:30  INFO 79784 --- [user-service] [main] .s.c.n.e.s.EurekaAutoServiceRegistration : Updating port to 8082
2025-09-09T23:30:01.070+05:30  INFO 79784 --- [user-service] [main] com.ecommerce.user.UserApplication       : Started UserApplication in 9.046 seconds (process running for 9.656)
2025-09-09T23:32:11.397+05:30  INFO 79784 --- [user-service] [SpringApplicationShutdownHook] o.s.c.n.e.s.EurekaServiceRegistry        : Unregistering application USER-SERVICE with eureka with status DOWN
2025-09-09T23:32:11.398+05:30  INFO 79784 --- [user-service] [SpringApplicationShutdownHook] com.netflix.discovery.DiscoveryClient    : Saw local status change event StatusChangeEvent [timestamp=1757440931398, current=DOWN, previous=UP]
2025-09-09T23:32:11.398+05:30  INFO 79784 --- [user-service] [DiscoveryClient-InstanceInfoReplicator-%d] com.netflix.discovery.DiscoveryClient    : DiscoveryClient_USER-SERVICE/DarshiniTejas.mshome.net:user-service:8082: registering service...
2025-09-09T23:32:11.401+05:30  INFO 79784 --- [user-service] [SpringApplicationShutdownHook] o.s.b.w.e.tomcat.GracefulShutdown        : Commencing graceful shutdown. Waiting for active requests to complete
2025-09-09T23:32:11.411+05:30  INFO 79784 --- [user-service] [DiscoveryClient-InstanceInfoReplicator-%d] com.netflix.discovery.DiscoveryClient    : DiscoveryClient_USER-SERVICE/DarshiniTejas.mshome.net:user-service:8082 - registration status: 204
2025-09-09T23:32:11.418+05:30  INFO 79784 --- [user-service] [tomcat-shutdown] o.s.b.w.e.tomcat.GracefulShutdown        : Graceful shutdown complete
2025-09-09T23:32:11.442+05:30  INFO 79784 --- [user-service] [SpringApplicationShutdownHook] o.s.a.r.l.SimpleMessageListenerContainer : Waiting for workers to finish.
2025-09-09T23:32:11.505+05:30  INFO 79784 --- [user-service] [SpringApplicationShutdownHook] o.s.a.r.l.SimpleMessageListenerContainer : Successfully waited for workers to finish.
2025-09-09T23:32:11.506+05:30  INFO 79784 --- [user-service] [SpringApplicationShutdownHook] o.s.i.a.i.AmqpInboundChannelAdapter      : stopped bean 'inbound.springCloudBus.anonymous.MMxHR2YgSf6lc83VDDqEMQ'
2025-09-09T23:32:11.513+05:30  INFO 79784 --- [user-service] [SpringApplicationShutdownHook] o.s.c.stream.binder.BinderErrorChannel   : Channel 'user-service.rabbit-1035787787.springCloudBusInput.errors' has 1 subscriber(s).
2025-09-09T23:32:11.513+05:30  INFO 79784 --- [user-service] [SpringApplicationShutdownHook] o.s.c.stream.binder.BinderErrorChannel   : Channel 'user-service.rabbit-1035787787.springCloudBusInput.errors' has 0 subscriber(s).
2025-09-09T23:32:11.533+05:30  INFO 79784 --- [user-service] [SpringApplicationShutdownHook] o.s.i.endpoint.EventDrivenConsumer       : Removing {logging-channel-adapter:_org.springframework.integration.errorLogger} as a subscriber to the 'errorChannel' channel
2025-09-09T23:32:11.533+05:30  INFO 79784 --- [user-service] [SpringApplicationShutdownHook] o.s.i.channel.PublishSubscribeChannel    : Channel 'user-service.errorChannel' has 0 subscriber(s).
2025-09-09T23:32:11.534+05:30  INFO 79784 --- [user-service] [SpringApplicationShutdownHook] o.s.i.endpoint.EventDrivenConsumer       : stopped bean '_org.springframework.integration.errorLogger'
2025-09-09T23:32:11.543+05:30  INFO 79784 --- [user-service] [SpringApplicationShutdownHook] com.netflix.discovery.DiscoveryClient    : Shutting down DiscoveryClient ...
2025-09-09T23:32:14.544+05:30  INFO 79784 --- [user-service] [SpringApplicationShutdownHook] com.netflix.discovery.DiscoveryClient    : Unregistering ...
2025-09-09T23:32:14.549+05:30  INFO 79784 --- [user-service] [SpringApplicationShutdownHook] com.netflix.discovery.DiscoveryClient    : DiscoveryClient_USER-SERVICE/DarshiniTejas.mshome.net:user-service:8082 - deregister  status: 200
2025-09-09T23:32:14.550+05:30  INFO 79784 --- [user-service] [SpringApplicationShutdownHook] com.netflix.discovery.DiscoveryClient    : Completed shut down of DiscoveryClient
2025-09-09T23:32:16.648+05:30  INFO 61284 --- [user-service] [main] com.ecommerce.user.UserApplication       : Starting UserApplication using Java 24.0.2 with PID 61284 (C:\2024\SCALER ACADEMY\MYMICROSERVICES\EcommerceMicroServiceApplications\user\target\classes started by ninga in C:\2024\SCALER ACADEMY\MYMICROSERVICES\EcommerceMicroServiceApplications)
2025-09-09T23:32:16.653+05:30 DEBUG 61284 --- [user-service] [main] com.ecommerce.user.UserApplication       : Running with Spring Boot v3.5.0, Spring v6.2.7
2025-09-09T23:32:16.654+05:30  INFO 61284 --- [user-service] [main] com.ecommerce.user.UserApplication       : No active profile set, falling back to 1 default profile: "default"
2025-09-09T23:32:18.883+05:30  INFO 61284 --- [user-service] [main] .s.d.r.c.RepositoryConfigurationDelegate : Bootstrapping Spring Data MongoDB repositories in DEFAULT mode.
2025-09-09T23:32:19.134+05:30  INFO 61284 --- [user-service] [main] .s.d.r.c.RepositoryConfigurationDelegate : Finished Spring Data repository scanning in 234 ms. Found 1 MongoDB repository interface.
2025-09-09T23:32:19.540+05:30  INFO 61284 --- [user-service] [main] faultConfiguringBeanFactoryPostProcessor : No bean named 'errorChannel' has been explicitly defined. Therefore, a default PublishSubscribeChannel will be created.
2025-09-09T23:32:19.552+05:30  INFO 61284 --- [user-service] [main] faultConfiguringBeanFactoryPostProcessor : No bean named 'integrationHeaderChannelRegistry' has been explicitly defined. Therefore, a default DefaultHeaderChannelRegistry will be created.
2025-09-09T23:32:19.729+05:30  INFO 61284 --- [user-service] [main] o.s.cloud.context.scope.GenericScope     : BeanFactory id=eb1a36bf-2d76-350e-9f9b-151aad651960
2025-09-09T23:32:20.477+05:30  INFO 61284 --- [user-service] [main] o.s.b.w.embedded.tomcat.TomcatWebServer  : Tomcat initialized with port 8082 (http)
2025-09-09T23:32:20.497+05:30  INFO 61284 --- [user-service] [main] o.apache.catalina.core.StandardService   : Starting service [Tomcat]
2025-09-09T23:32:20.498+05:30  INFO 61284 --- [user-service] [main] o.apache.catalina.core.StandardEngine    : Starting Servlet engine: [Apache Tomcat/10.1.41]
2025-09-09T23:32:20.629+05:30  INFO 61284 --- [user-service] [main] o.a.c.c.C.[Tomcat].[localhost].[/]       : Initializing Spring embedded WebApplicationContext
2025-09-09T23:32:20.630+05:30  INFO 61284 --- [user-service] [main] w.s.c.ServletWebServerApplicationContext : Root WebApplicationContext: initialization completed in 3891 ms
2025-09-09T23:32:21.532+05:30  INFO 61284 --- [user-service] [main] org.mongodb.driver.client                : MongoClient with metadata {"driver": {"name": "mongo-java-driver|sync|spring-boot", "version": "5.4.0"}, "os": {"type": "Windows", "name": "Windows 11", "architecture": "amd64", "version": "10.0"}, "platform": "Java/Oracle Corporation/24.0.2+12-54"} created with settings MongoClientSettings{readPreference=primary, writeConcern=WriteConcern{w=null, wTimeout=null ms, journal=null}, retryWrites=true, retryReads=true, readConcern=ReadConcern{level=null}, credential=null, transportSettings=null, commandListeners=[io.micrometer.core.instrument.binder.mongodb.MongoMetricsCommandListener@18b3db6e], codecRegistry=ProvidersCodecRegistry{codecProviders=[ValueCodecProvider{}, BsonValueCodecProvider{}, DBRefCodecProvider{}, DBObjectCodecProvider{}, DocumentCodecProvider{}, CollectionCodecProvider{}, IterableCodecProvider{}, MapCodecProvider{}, GeoJsonCodecProvider{}, GridFSFileCodecProvider{}, Jsr310CodecProvider{}, JsonObjectCodecProvider{}, BsonCodecProvider{}, EnumCodecProvider{}, com.mongodb.client.model.mql.ExpressionCodecProvider@1feb586d, com.mongodb.Jep395RecordCodecProvider@34695b23, com.mongodb.KotlinCodecProvider@611a2d82]}, loggerSettings=LoggerSettings{maxDocumentLength=1000}, clusterSettings={hosts=[localhost:27017], srvServiceName=mongodb, mode=SINGLE, requiredClusterType=UNKNOWN, requiredReplicaSetName='null', serverSelector='null', clusterListeners='[]', serverSelectionTimeout='30000 ms', localThreshold='15 ms'}, socketSettings=SocketSettings{connectTimeoutMS=10000, readTimeoutMS=0, receiveBufferSize=0, proxySettings=ProxySettings{host=null, port=null, username=null, password=null}}, heartbeatSocketSettings=SocketSettings{connectTimeoutMS=10000, readTimeoutMS=10000, receiveBufferSize=0, proxySettings=ProxySettings{host=null, port=null, username=null, password=null}}, connectionPoolSettings=ConnectionPoolSettings{maxSize=100, minSize=0, maxWaitTimeMS=120000, maxConnectionLifeTimeMS=0, maxConnectionIdleTimeMS=0, maintenanceInitialDelayMS=0, maintenanceFrequencyMS=60000, connectionPoolListeners=[io.micrometer.core.instrument.binder.mongodb.MongoMetricsConnectionPoolListener@6774f264], maxConnecting=2}, serverSettings=ServerSettings{heartbeatFrequencyMS=10000, minHeartbeatFrequencyMS=500, serverMonitoringMode=AUTO, serverListeners='[]', serverMonitorListeners='[]'}, sslSettings=SslSettings{enabled=false, invalidHostNameAllowed=false, context=null}, applicationName='null', compressorList=[], uuidRepresentation=JAVA_LEGACY, serverApi=null, autoEncryptionSettings=null, dnsClient=null, inetAddressResolver=null, contextProvider=null, timeoutMS=null}
2025-09-09T23:32:21.563+05:30  INFO 61284 --- [user-service] [cluster-ClusterId{value='68c06badb35192a2c924d9b2', description='null'}-localhost:27017] org.mongodb.driver.cluster               : Monitor thread successfully connected to server with description ServerDescription{address=localhost:27017, type=STANDALONE, cryptd=false, state=CONNECTED, ok=true, minWireVersion=0, maxWireVersion=25, maxDocumentSize=16777216, logicalSessionTimeoutMinutes=30, roundTripTimeNanos=41200600, minRoundTripTimeNanos=0}
2025-09-09T23:32:21.690+05:30  WARN 61284 --- [user-service] [main] o.s.data.convert.CustomConversions       : Registering converter from interface java.util.List to interface org.springframework.data.domain.Vector as reading converter although it doesn't convert from a store-supported type; You might want to check your annotation setup at the converter implementation
2025-09-09T23:32:22.159+05:30  WARN 61284 --- [user-service] [main] o.s.data.convert.CustomConversions       : Registering converter from interface java.util.List to interface org.springframework.data.domain.Vector as reading converter although it doesn't convert from a store-supported type; You might want to check your annotation setup at the converter implementation
2025-09-09T23:32:23.750+05:30  WARN 61284 --- [user-service] [main] c.f.c.c.BeanFactoryAwareFunctionRegistry : Failed to locate function 'busConsumer' for function definition 'busConsumer'. Returning null.
2025-09-09T23:32:23.887+05:30  INFO 61284 --- [user-service] [main] o.s.c.s.m.DirectWithAttributesChannel    : Channel 'user-service.springCloudBusInput' has 1 subscriber(s).
2025-09-09T23:32:24.362+05:30  INFO 61284 --- [user-service] [main] DiscoveryClientOptionalArgsConfiguration : Eureka HTTP Client uses RestTemplate.
2025-09-09T23:32:24.515+05:30  WARN 61284 --- [user-service] [main] iguration$LoadBalancerCaffeineWarnLogger : Spring Cloud LoadBalancer is currently working with the default cache. While this cache implementation is useful for development and tests, it's recommended to use Caffeine cache in production.You can switch to using Caffeine cache, by adding it and org.springframework.cache.caffeine.CaffeineCacheManager to the classpath.
2025-09-09T23:32:24.533+05:30  INFO 61284 --- [user-service] [main] o.s.b.a.e.web.EndpointLinksResolver      : Exposing 1 endpoint beneath base path '/actuator'
2025-09-09T23:32:24.682+05:30  INFO 61284 --- [user-service] [main] o.s.i.endpoint.EventDrivenConsumer       : Adding {logging-channel-adapter:_org.springframework.integration.errorLogger} as a subscriber to the 'errorChannel' channel
2025-09-09T23:32:24.683+05:30  INFO 61284 --- [user-service] [main] o.s.i.channel.PublishSubscribeChannel    : Channel 'user-service.errorChannel' has 1 subscriber(s).
2025-09-09T23:32:24.684+05:30  INFO 61284 --- [user-service] [main] o.s.i.endpoint.EventDrivenConsumer       : started bean '_org.springframework.integration.errorLogger'
2025-09-09T23:32:24.755+05:30  INFO 61284 --- [user-service] [main] o.s.c.n.eureka.InstanceInfoFactory       : Setting initial instance status as: STARTING
2025-09-09T23:32:24.792+05:30  INFO 61284 --- [user-service] [main] com.netflix.discovery.DiscoveryClient    : Initializing Eureka in region us-east-1
2025-09-09T23:32:24.802+05:30  INFO 61284 --- [user-service] [main] c.n.d.s.r.aws.ConfigClusterResolver      : Resolving eureka endpoints via configuration
2025-09-09T23:32:24.830+05:30  INFO 61284 --- [user-service] [main] com.netflix.discovery.DiscoveryClient    : Disable delta property : false
2025-09-09T23:32:24.830+05:30  INFO 61284 --- [user-service] [main] com.netflix.discovery.DiscoveryClient    : Single vip registry refresh property : null
2025-09-09T23:32:24.831+05:30  INFO 61284 --- [user-service] [main] com.netflix.discovery.DiscoveryClient    : Force full registry fetch : false
2025-09-09T23:32:24.831+05:30  INFO 61284 --- [user-service] [main] com.netflix.discovery.DiscoveryClient    : Application is null : false
2025-09-09T23:32:24.831+05:30  INFO 61284 --- [user-service] [main] com.netflix.discovery.DiscoveryClient    : Registered Applications size is zero : true
2025-09-09T23:32:24.831+05:30  INFO 61284 --- [user-service] [main] com.netflix.discovery.DiscoveryClient    : Application version is -1: true
2025-09-09T23:32:24.831+05:30  INFO 61284 --- [user-service] [main] com.netflix.discovery.DiscoveryClient    : Getting all instance registry info from the eureka server
2025-09-09T23:32:25.505+05:30  INFO 61284 --- [user-service] [main] com.netflix.discovery.DiscoveryClient    : The response status is 200
2025-09-09T23:32:25.509+05:30  INFO 61284 --- [user-service] [main] com.netflix.discovery.DiscoveryClient    : Starting heartbeat executor: renew interval is: 30
2025-09-09T23:32:25.512+05:30  INFO 61284 --- [user-service] [main] c.n.discovery.InstanceInfoReplicator     : InstanceInfoReplicator onDemand update allowed rate per min is 4
2025-09-09T23:32:25.516+05:30  INFO 61284 --- [user-service] [main] com.netflix.discovery.DiscoveryClient    : Discovery Client initialized at timestamp 1757440945513 with initial instances count: 3
2025-09-09T23:32:25.521+05:30  INFO 61284 --- [user-service] [main] o.s.c.n.e.s.EurekaServiceRegistry        : Registering application USER-SERVICE with eureka with status UP
2025-09-09T23:32:25.522+05:30  INFO 61284 --- [user-service] [main] com.netflix.discovery.DiscoveryClient    : Saw local status change event StatusChangeEvent [timestamp=1757440945522, current=UP, previous=STARTING]
2025-09-09T23:32:25.524+05:30  INFO 61284 --- [user-service] [DiscoveryClient-InstanceInfoReplicator-%d] com.netflix.discovery.DiscoveryClient    : DiscoveryClient_USER-SERVICE/DarshiniTejas.mshome.net:user-service:8082: registering service...
2025-09-09T23:32:25.525+05:30  INFO 61284 --- [user-service] [main] o.s.c.s.binder.DefaultBinderFactory      : Creating binder: rabbit
2025-09-09T23:32:25.525+05:30  INFO 61284 --- [user-service] [main] o.s.c.s.binder.DefaultBinderFactory      : Constructing binder child context for rabbit
2025-09-09T23:32:25.600+05:30  INFO 61284 --- [user-service] [DiscoveryClient-InstanceInfoReplicator-%d] com.netflix.discovery.DiscoveryClient    : DiscoveryClient_USER-SERVICE/DarshiniTejas.mshome.net:user-service:8082 - registration status: 204
2025-09-09T23:32:25.774+05:30  INFO 61284 --- [user-service] [main] o.s.c.s.binder.DefaultBinderFactory      : Caching the binder: rabbit
2025-09-09T23:32:25.815+05:30  INFO 61284 --- [user-service] [main] c.s.b.r.p.RabbitExchangeQueueProvisioner : declaring queue for inbound: springCloudBus.anonymous.WvKHaGUPQoGSDFU-wUgP4A, bound to: springCloudBus
2025-09-09T23:32:25.824+05:30  INFO 61284 --- [user-service] [main] o.s.a.r.c.CachingConnectionFactory       : Attempting to connect to: [localhost:5672]
2025-09-09T23:32:25.881+05:30  INFO 61284 --- [user-service] [main] o.s.a.r.c.CachingConnectionFactory       : Created new connection: rabbitConnectionFactory#528a16fb:0/SimpleConnection@2552cb80 [delegate=amqp://guest@127.0.0.1:5672/, localPort=62842]
2025-09-09T23:32:25.970+05:30  INFO 61284 --- [user-service] [main] o.s.c.stream.binder.BinderErrorChannel   : Channel 'rabbit-2130014398.springCloudBusInput.errors' has 1 subscriber(s).
2025-09-09T23:32:25.972+05:30  INFO 61284 --- [user-service] [main] o.s.c.stream.binder.BinderErrorChannel   : Channel 'rabbit-2130014398.springCloudBusInput.errors' has 2 subscriber(s).
2025-09-09T23:32:26.015+05:30  INFO 61284 --- [user-service] [main] o.s.i.a.i.AmqpInboundChannelAdapter      : started bean 'inbound.springCloudBus.anonymous.WvKHaGUPQoGSDFU-wUgP4A'
2025-09-09T23:32:26.055+05:30  INFO 61284 --- [user-service] [main] o.s.b.w.embedded.tomcat.TomcatWebServer  : Tomcat started on port 8082 (http) with context path '/'
2025-09-09T23:32:26.058+05:30  INFO 61284 --- [user-service] [main] .s.c.n.e.s.EurekaAutoServiceRegistration : Updating port to 8082
2025-09-09T23:32:26.133+05:30  INFO 61284 --- [user-service] [main] com.ecommerce.user.UserApplication       : Started UserApplication in 10.193 seconds (process running for 10.813)
2025-09-09T23:33:34.809+05:30  INFO 61284 --- [user-service] [SpringApplicationShutdownHook] o.s.c.n.e.s.EurekaServiceRegistry        : Unregistering application USER-SERVICE with eureka with status DOWN
2025-09-09T23:33:34.810+05:30  INFO 61284 --- [user-service] [SpringApplicationShutdownHook] com.netflix.discovery.DiscoveryClient    : Saw local status change event StatusChangeEvent [timestamp=1757441014810, current=DOWN, previous=UP]
2025-09-09T23:33:34.810+05:30  INFO 61284 --- [user-service] [DiscoveryClient-InstanceInfoReplicator-%d] com.netflix.discovery.DiscoveryClient    : DiscoveryClient_USER-SERVICE/DarshiniTejas.mshome.net:user-service:8082: registering service...
2025-09-09T23:33:34.814+05:30  INFO 61284 --- [user-service] [SpringApplicationShutdownHook] o.s.b.w.e.tomcat.GracefulShutdown        : Commencing graceful shutdown. Waiting for active requests to complete
2025-09-09T23:33:34.818+05:30  INFO 61284 --- [user-service] [DiscoveryClient-InstanceInfoReplicator-%d] com.netflix.discovery.DiscoveryClient    : DiscoveryClient_USER-SERVICE/DarshiniTejas.mshome.net:user-service:8082 - registration status: 204
2025-09-09T23:33:34.822+05:30  INFO 61284 --- [user-service] [tomcat-shutdown] o.s.b.w.e.tomcat.GracefulShutdown        : Graceful shutdown complete
2025-09-09T23:33:34.841+05:30  INFO 61284 --- [user-service] [SpringApplicationShutdownHook] o.s.a.r.l.SimpleMessageListenerContainer : Waiting for workers to finish.
2025-09-09T23:33:35.078+05:30  INFO 61284 --- [user-service] [SpringApplicationShutdownHook] o.s.a.r.l.SimpleMessageListenerContainer : Successfully waited for workers to finish.
2025-09-09T23:33:35.079+05:30  INFO 61284 --- [user-service] [SpringApplicationShutdownHook] o.s.i.a.i.AmqpInboundChannelAdapter      : stopped bean 'inbound.springCloudBus.anonymous.WvKHaGUPQoGSDFU-wUgP4A'
2025-09-09T23:33:35.091+05:30  INFO 61284 --- [user-service] [SpringApplicationShutdownHook] o.s.c.stream.binder.BinderErrorChannel   : Channel 'user-service.rabbit-2130014398.springCloudBusInput.errors' has 1 subscriber(s).
2025-09-09T23:33:35.092+05:30  INFO 61284 --- [user-service] [SpringApplicationShutdownHook] o.s.c.stream.binder.BinderErrorChannel   : Channel 'user-service.rabbit-2130014398.springCloudBusInput.errors' has 0 subscriber(s).
2025-09-09T23:33:35.113+05:30  INFO 61284 --- [user-service] [SpringApplicationShutdownHook] o.s.i.endpoint.EventDrivenConsumer       : Removing {logging-channel-adapter:_org.springframework.integration.errorLogger} as a subscriber to the 'errorChannel' channel
2025-09-09T23:33:35.113+05:30  INFO 61284 --- [user-service] [SpringApplicationShutdownHook] o.s.i.channel.PublishSubscribeChannel    : Channel 'user-service.errorChannel' has 0 subscriber(s).
2025-09-09T23:33:35.114+05:30  INFO 61284 --- [user-service] [SpringApplicationShutdownHook] o.s.i.endpoint.EventDrivenConsumer       : stopped bean '_org.springframework.integration.errorLogger'
2025-09-09T23:33:35.125+05:30  INFO 61284 --- [user-service] [SpringApplicationShutdownHook] com.netflix.discovery.DiscoveryClient    : Shutting down DiscoveryClient ...
2025-09-09T23:33:38.126+05:30  INFO 61284 --- [user-service] [SpringApplicationShutdownHook] com.netflix.discovery.DiscoveryClient    : Unregistering ...
2025-09-09T23:33:38.137+05:30  INFO 61284 --- [user-service] [SpringApplicationShutdownHook] com.netflix.discovery.DiscoveryClient    : DiscoveryClient_USER-SERVICE/DarshiniTejas.mshome.net:user-service:8082 - deregister  status: 200
2025-09-09T23:33:38.138+05:30  INFO 61284 --- [user-service] [SpringApplicationShutdownHook] com.netflix.discovery.DiscoveryClient    : Completed shut down of DiscoveryClient
2025-09-09T23:33:42.088+05:30  INFO 21632 --- [user-service] [main] com.ecommerce.user.UserApplication       : Starting UserApplication using Java 24.0.2 with PID 21632 (C:\2024\SCALER ACADEMY\MYMICROSERVICES\EcommerceMicroServiceApplications\user\target\classes started by ninga in C:\2024\SCALER ACADEMY\MYMICROSERVICES\EcommerceMicroServiceApplications)
2025-09-09T23:33:42.093+05:30 DEBUG 21632 --- [user-service] [main] com.ecommerce.user.UserApplication       : Running with Spring Boot v3.5.0, Spring v6.2.7
2025-09-09T23:33:42.094+05:30  INFO 21632 --- [user-service] [main] com.ecommerce.user.UserApplication       : No active profile set, falling back to 1 default profile: "default"
2025-09-09T23:33:44.444+05:30  INFO 21632 --- [user-service] [main] .s.d.r.c.RepositoryConfigurationDelegate : Bootstrapping Spring Data MongoDB repositories in DEFAULT mode.
2025-09-09T23:33:44.724+05:30  INFO 21632 --- [user-service] [main] .s.d.r.c.RepositoryConfigurationDelegate : Finished Spring Data repository scanning in 256 ms. Found 1 MongoDB repository interface.
2025-09-09T23:33:45.131+05:30  INFO 21632 --- [user-service] [main] faultConfiguringBeanFactoryPostProcessor : No bean named 'errorChannel' has been explicitly defined. Therefore, a default PublishSubscribeChannel will be created.
2025-09-09T23:33:45.145+05:30  INFO 21632 --- [user-service] [main] faultConfiguringBeanFactoryPostProcessor : No bean named 'integrationHeaderChannelRegistry' has been explicitly defined. Therefore, a default DefaultHeaderChannelRegistry will be created.
2025-09-09T23:33:45.307+05:30  INFO 21632 --- [user-service] [main] o.s.cloud.context.scope.GenericScope     : BeanFactory id=eb1a36bf-2d76-350e-9f9b-151aad651960
2025-09-09T23:33:46.011+05:30  INFO 21632 --- [user-service] [main] o.s.b.w.embedded.tomcat.TomcatWebServer  : Tomcat initialized with port 8082 (http)
2025-09-09T23:33:46.031+05:30  INFO 21632 --- [user-service] [main] o.apache.catalina.core.StandardService   : Starting service [Tomcat]
2025-09-09T23:33:46.031+05:30  INFO 21632 --- [user-service] [main] o.apache.catalina.core.StandardEngine    : Starting Servlet engine: [Apache Tomcat/10.1.41]
2025-09-09T23:33:46.111+05:30  INFO 21632 --- [user-service] [main] o.a.c.c.C.[Tomcat].[localhost].[/]       : Initializing Spring embedded WebApplicationContext
2025-09-09T23:33:46.112+05:30  INFO 21632 --- [user-service] [main] w.s.c.ServletWebServerApplicationContext : Root WebApplicationContext: initialization completed in 3929 ms
2025-09-09T23:33:46.845+05:30  INFO 21632 --- [user-service] [main] org.mongodb.driver.client                : MongoClient with metadata {"driver": {"name": "mongo-java-driver|sync|spring-boot", "version": "5.4.0"}, "os": {"type": "Windows", "name": "Windows 11", "architecture": "amd64", "version": "10.0"}, "platform": "Java/Oracle Corporation/24.0.2+12-54"} created with settings MongoClientSettings{readPreference=primary, writeConcern=WriteConcern{w=null, wTimeout=null ms, journal=null}, retryWrites=true, retryReads=true, readConcern=ReadConcern{level=null}, credential=null, transportSettings=null, commandListeners=[io.micrometer.core.instrument.binder.mongodb.MongoMetricsCommandListener@450d10cb], codecRegistry=ProvidersCodecRegistry{codecProviders=[ValueCodecProvider{}, BsonValueCodecProvider{}, DBRefCodecProvider{}, DBObjectCodecProvider{}, DocumentCodecProvider{}, CollectionCodecProvider{}, IterableCodecProvider{}, MapCodecProvider{}, GeoJsonCodecProvider{}, GridFSFileCodecProvider{}, Jsr310CodecProvider{}, JsonObjectCodecProvider{}, BsonCodecProvider{}, EnumCodecProvider{}, com.mongodb.client.model.mql.ExpressionCodecProvider@1bd59b82, com.mongodb.Jep395RecordCodecProvider@6a9df5, com.mongodb.KotlinCodecProvider@48f4f03e]}, loggerSettings=LoggerSettings{maxDocumentLength=1000}, clusterSettings={hosts=[localhost:27017], srvServiceName=mongodb, mode=SINGLE, requiredClusterType=UNKNOWN, requiredReplicaSetName='null', serverSelector='null', clusterListeners='[]', serverSelectionTimeout='30000 ms', localThreshold='15 ms'}, socketSettings=SocketSettings{connectTimeoutMS=10000, readTimeoutMS=0, receiveBufferSize=0, proxySettings=ProxySettings{host=null, port=null, username=null, password=null}}, heartbeatSocketSettings=SocketSettings{connectTimeoutMS=10000, readTimeoutMS=10000, receiveBufferSize=0, proxySettings=ProxySettings{host=null, port=null, username=null, password=null}}, connectionPoolSettings=ConnectionPoolSettings{maxSize=100, minSize=0, maxWaitTimeMS=120000, maxConnectionLifeTimeMS=0, maxConnectionIdleTimeMS=0, maintenanceInitialDelayMS=0, maintenanceFrequencyMS=60000, connectionPoolListeners=[io.micrometer.core.instrument.binder.mongodb.MongoMetricsConnectionPoolListener@65d23aa3], maxConnecting=2}, serverSettings=ServerSettings{heartbeatFrequencyMS=10000, minHeartbeatFrequencyMS=500, serverMonitoringMode=AUTO, serverListeners='[]', serverMonitorListeners='[]'}, sslSettings=SslSettings{enabled=false, invalidHostNameAllowed=false, context=null}, applicationName='null', compressorList=[], uuidRepresentation=JAVA_LEGACY, serverApi=null, autoEncryptionSettings=null, dnsClient=null, inetAddressResolver=null, contextProvider=null, timeoutMS=null}
2025-09-09T23:33:46.864+05:30  INFO 21632 --- [user-service] [cluster-ClusterId{value='68c06c0237748b06821d1b7b', description='null'}-localhost:27017] org.mongodb.driver.cluster               : Monitor thread successfully connected to server with description ServerDescription{address=localhost:27017, type=STANDALONE, cryptd=false, state=CONNECTED, ok=true, minWireVersion=0, maxWireVersion=25, maxDocumentSize=16777216, logicalSessionTimeoutMinutes=30, roundTripTimeNanos=36916700, minRoundTripTimeNanos=0}
2025-09-09T23:33:46.957+05:30  WARN 21632 --- [user-service] [main] o.s.data.convert.CustomConversions       : Registering converter from interface java.util.List to interface org.springframework.data.domain.Vector as reading converter although it doesn't convert from a store-supported type; You might want to check your annotation setup at the converter implementation
2025-09-09T23:33:47.316+05:30  WARN 21632 --- [user-service] [main] o.s.data.convert.CustomConversions       : Registering converter from interface java.util.List to interface org.springframework.data.domain.Vector as reading converter although it doesn't convert from a store-supported type; You might want to check your annotation setup at the converter implementation
2025-09-09T23:33:48.462+05:30  WARN 21632 --- [user-service] [main] c.f.c.c.BeanFactoryAwareFunctionRegistry : Failed to locate function 'busConsumer' for function definition 'busConsumer'. Returning null.
2025-09-09T23:33:48.554+05:30  INFO 21632 --- [user-service] [main] o.s.c.s.m.DirectWithAttributesChannel    : Channel 'user-service.springCloudBusInput' has 1 subscriber(s).
2025-09-09T23:33:48.855+05:30  INFO 21632 --- [user-service] [main] DiscoveryClientOptionalArgsConfiguration : Eureka HTTP Client uses RestTemplate.
2025-09-09T23:33:48.929+05:30  WARN 21632 --- [user-service] [main] iguration$LoadBalancerCaffeineWarnLogger : Spring Cloud LoadBalancer is currently working with the default cache. While this cache implementation is useful for development and tests, it's recommended to use Caffeine cache in production.You can switch to using Caffeine cache, by adding it and org.springframework.cache.caffeine.CaffeineCacheManager to the classpath.
2025-09-09T23:33:48.945+05:30  INFO 21632 --- [user-service] [main] o.s.b.a.e.web.EndpointLinksResolver      : Exposing 1 endpoint beneath base path '/actuator'
2025-09-09T23:33:49.107+05:30  INFO 21632 --- [user-service] [main] o.s.i.endpoint.EventDrivenConsumer       : Adding {logging-channel-adapter:_org.springframework.integration.errorLogger} as a subscriber to the 'errorChannel' channel
2025-09-09T23:33:49.107+05:30  INFO 21632 --- [user-service] [main] o.s.i.channel.PublishSubscribeChannel    : Channel 'user-service.errorChannel' has 1 subscriber(s).
2025-09-09T23:33:49.109+05:30  INFO 21632 --- [user-service] [main] o.s.i.endpoint.EventDrivenConsumer       : started bean '_org.springframework.integration.errorLogger'
2025-09-09T23:33:49.185+05:30  INFO 21632 --- [user-service] [main] o.s.c.n.eureka.InstanceInfoFactory       : Setting initial instance status as: STARTING
2025-09-09T23:33:49.228+05:30  INFO 21632 --- [user-service] [main] com.netflix.discovery.DiscoveryClient    : Initializing Eureka in region us-east-1
2025-09-09T23:33:49.233+05:30  INFO 21632 --- [user-service] [main] c.n.d.s.r.aws.ConfigClusterResolver      : Resolving eureka endpoints via configuration
2025-09-09T23:33:49.245+05:30  INFO 21632 --- [user-service] [main] com.netflix.discovery.DiscoveryClient    : Disable delta property : false
2025-09-09T23:33:49.246+05:30  INFO 21632 --- [user-service] [main] com.netflix.discovery.DiscoveryClient    : Single vip registry refresh property : null
2025-09-09T23:33:49.246+05:30  INFO 21632 --- [user-service] [main] com.netflix.discovery.DiscoveryClient    : Force full registry fetch : false
2025-09-09T23:33:49.246+05:30  INFO 21632 --- [user-service] [main] com.netflix.discovery.DiscoveryClient    : Application is null : false
2025-09-09T23:33:49.246+05:30  INFO 21632 --- [user-service] [main] com.netflix.discovery.DiscoveryClient    : Registered Applications size is zero : true
2025-09-09T23:33:49.246+05:30  INFO 21632 --- [user-service] [main] com.netflix.discovery.DiscoveryClient    : Application version is -1: true
2025-09-09T23:33:49.246+05:30  INFO 21632 --- [user-service] [main] com.netflix.discovery.DiscoveryClient    : Getting all instance registry info from the eureka server
2025-09-09T23:33:49.776+05:30  INFO 21632 --- [user-service] [main] com.netflix.discovery.DiscoveryClient    : The response status is 200
2025-09-09T23:33:49.779+05:30  INFO 21632 --- [user-service] [main] com.netflix.discovery.DiscoveryClient    : Starting heartbeat executor: renew interval is: 30
2025-09-09T23:33:49.783+05:30  INFO 21632 --- [user-service] [main] c.n.discovery.InstanceInfoReplicator     : InstanceInfoReplicator onDemand update allowed rate per min is 4
2025-09-09T23:33:49.785+05:30  INFO 21632 --- [user-service] [main] com.netflix.discovery.DiscoveryClient    : Discovery Client initialized at timestamp 1757441029784 with initial instances count: 3
2025-09-09T23:33:49.790+05:30  INFO 21632 --- [user-service] [main] o.s.c.n.e.s.EurekaServiceRegistry        : Registering application USER-SERVICE with eureka with status UP
2025-09-09T23:33:49.790+05:30  INFO 21632 --- [user-service] [main] com.netflix.discovery.DiscoveryClient    : Saw local status change event StatusChangeEvent [timestamp=1757441029790, current=UP, previous=STARTING]
2025-09-09T23:33:49.793+05:30  INFO 21632 --- [user-service] [DiscoveryClient-InstanceInfoReplicator-%d] com.netflix.discovery.DiscoveryClient    : DiscoveryClient_USER-SERVICE/DarshiniTejas.mshome.net:user-service:8082: registering service...
2025-09-09T23:33:49.794+05:30  INFO 21632 --- [user-service] [main] o.s.c.s.binder.DefaultBinderFactory      : Creating binder: rabbit
2025-09-09T23:33:49.795+05:30  INFO 21632 --- [user-service] [main] o.s.c.s.binder.DefaultBinderFactory      : Constructing binder child context for rabbit
2025-09-09T23:33:49.864+05:30  INFO 21632 --- [user-service] [DiscoveryClient-InstanceInfoReplicator-%d] com.netflix.discovery.DiscoveryClient    : DiscoveryClient_USER-SERVICE/DarshiniTejas.mshome.net:user-service:8082 - registration status: 204
2025-09-09T23:33:50.011+05:30  INFO 21632 --- [user-service] [main] o.s.c.s.binder.DefaultBinderFactory      : Caching the binder: rabbit
2025-09-09T23:33:50.058+05:30  INFO 21632 --- [user-service] [main] c.s.b.r.p.RabbitExchangeQueueProvisioner : declaring queue for inbound: springCloudBus.anonymous.r6X_FfFsS1W3-UJL3aXfSg, bound to: springCloudBus
2025-09-09T23:33:50.066+05:30  INFO 21632 --- [user-service] [main] o.s.a.r.c.CachingConnectionFactory       : Attempting to connect to: [localhost:5672]
2025-09-09T23:33:50.150+05:30  INFO 21632 --- [user-service] [main] o.s.a.r.c.CachingConnectionFactory       : Created new connection: rabbitConnectionFactory#5464aeec:0/SimpleConnection@6138ee0e [delegate=amqp://guest@127.0.0.1:5672/, localPort=53453]
2025-09-09T23:33:50.276+05:30  INFO 21632 --- [user-service] [main] o.s.c.stream.binder.BinderErrorChannel   : Channel 'rabbit-512521244.springCloudBusInput.errors' has 1 subscriber(s).
2025-09-09T23:33:50.278+05:30  INFO 21632 --- [user-service] [main] o.s.c.stream.binder.BinderErrorChannel   : Channel 'rabbit-512521244.springCloudBusInput.errors' has 2 subscriber(s).
2025-09-09T23:33:50.317+05:30  INFO 21632 --- [user-service] [main] o.s.i.a.i.AmqpInboundChannelAdapter      : started bean 'inbound.springCloudBus.anonymous.r6X_FfFsS1W3-UJL3aXfSg'
2025-09-09T23:33:50.345+05:30  INFO 21632 --- [user-service] [main] o.s.b.w.embedded.tomcat.TomcatWebServer  : Tomcat started on port 8082 (http) with context path '/'
2025-09-09T23:33:50.347+05:30  INFO 21632 --- [user-service] [main] .s.c.n.e.s.EurekaAutoServiceRegistration : Updating port to 8082
2025-09-09T23:33:50.405+05:30  INFO 21632 --- [user-service] [main] com.ecommerce.user.UserApplication       : Started UserApplication in 9.314 seconds (process running for 9.994)
2025-09-09T23:38:49.271+05:30  INFO 21632 --- [user-service] [AsyncResolver-bootstrap-executor-%d] c.n.d.s.r.aws.ConfigClusterResolver      : Resolving eureka endpoints via configuration
