2025-09-09T23:02:40.809+05:30  INFO 57392 --- [user-service] [main] com.ecommerce.user.UserApplication       : Starting UserApplication using Java 24.0.2 with PID 57392 (C:\2024\SCALER ACADEMY\MYMICROSERVICES\EcommerceMicroServiceApplications\user\target\classes started by ninga in C:\2024\SCALER ACADEMY\MYMICROSERVICES\EcommerceMicroServiceApplications)
2025-09-09T23:02:40.812+05:30 DEBUG 57392 --- [user-service] [main] com.ecommerce.user.UserApplication       : Running with Spring Boot v3.5.0, Spring v6.2.7
2025-09-09T23:02:40.813+05:30  INFO 57392 --- [user-service] [main] com.ecommerce.user.UserApplication       : No active profile set, falling back to 1 default profile: "default"
2025-09-09T23:02:42.303+05:30  INFO 57392 --- [user-service] [main] .s.d.r.c.RepositoryConfigurationDelegate : Bootstrapping Spring Data MongoDB repositories in DEFAULT mode.
2025-09-09T23:02:42.489+05:30  INFO 57392 --- [user-service] [main] .s.d.r.c.RepositoryConfigurationDelegate : Finished Spring Data repository scanning in 167 ms. Found 1 MongoDB repository interface.
2025-09-09T23:02:42.705+05:30  INFO 57392 --- [user-service] [main] faultConfiguringBeanFactoryPostProcessor : No bean named 'errorChannel' has been explicitly defined. Therefore, a default PublishSubscribeChannel will be created.
2025-09-09T23:02:42.711+05:30  INFO 57392 --- [user-service] [main] faultConfiguringBeanFactoryPostProcessor : No bean named 'integrationHeaderChannelRegistry' has been explicitly defined. Therefore, a default DefaultHeaderChannelRegistry will be created.
2025-09-09T23:02:42.828+05:30  INFO 57392 --- [user-service] [main] o.s.cloud.context.scope.GenericScope     : BeanFactory id=eb1a36bf-2d76-350e-9f9b-151aad651960
2025-09-09T23:02:43.357+05:30  INFO 57392 --- [user-service] [main] o.s.b.w.embedded.tomcat.TomcatWebServer  : Tomcat initialized with port 8082 (http)
2025-09-09T23:02:43.368+05:30  INFO 57392 --- [user-service] [main] o.apache.catalina.core.StandardService   : Starting service [Tomcat]
2025-09-09T23:02:43.368+05:30  INFO 57392 --- [user-service] [main] o.apache.catalina.core.StandardEngine    : Starting Servlet engine: [Apache Tomcat/10.1.41]
2025-09-09T23:02:43.436+05:30  INFO 57392 --- [user-service] [main] o.a.c.c.C.[Tomcat].[localhost].[/]       : Initializing Spring embedded WebApplicationContext
2025-09-09T23:02:43.436+05:30  INFO 57392 --- [user-service] [main] w.s.c.ServletWebServerApplicationContext : Root WebApplicationContext: initialization completed in 2579 ms
2025-09-09T23:02:44.119+05:30  INFO 57392 --- [user-service] [main] org.mongodb.driver.client                : MongoClient with metadata {"driver": {"name": "mongo-java-driver|sync|spring-boot", "version": "5.4.0"}, "os": {"type": "Windows", "name": "Windows 11", "architecture": "amd64", "version": "10.0"}, "platform": "Java/Oracle Corporation/24.0.2+12-54"} created with settings MongoClientSettings{readPreference=primary, writeConcern=WriteConcern{w=null, wTimeout=null ms, journal=null}, retryWrites=true, retryReads=true, readConcern=ReadConcern{level=null}, credential=null, transportSettings=null, commandListeners=[io.micrometer.core.instrument.binder.mongodb.MongoMetricsCommandListener@6ab50d1c], codecRegistry=ProvidersCodecRegistry{codecProviders=[ValueCodecProvider{}, BsonValueCodecProvider{}, DBRefCodecProvider{}, DBObjectCodecProvider{}, DocumentCodecProvider{}, CollectionCodecProvider{}, IterableCodecProvider{}, MapCodecProvider{}, GeoJsonCodecProvider{}, GridFSFileCodecProvider{}, Jsr310CodecProvider{}, JsonObjectCodecProvider{}, BsonCodecProvider{}, EnumCodecProvider{}, com.mongodb.client.model.mql.ExpressionCodecProvider@6e0d058a, com.mongodb.Jep395RecordCodecProvider@3eb0fd88, com.mongodb.KotlinCodecProvider@adc3344]}, loggerSettings=LoggerSettings{maxDocumentLength=1000}, clusterSettings={hosts=[localhost:27017], srvServiceName=mongodb, mode=SINGLE, requiredClusterType=UNKNOWN, requiredReplicaSetName='null', serverSelector='null', clusterListeners='[]', serverSelectionTimeout='30000 ms', localThreshold='15 ms'}, socketSettings=SocketSettings{connectTimeoutMS=10000, readTimeoutMS=0, receiveBufferSize=0, proxySettings=ProxySettings{host=null, port=null, username=null, password=null}}, heartbeatSocketSettings=SocketSettings{connectTimeoutMS=10000, readTimeoutMS=10000, receiveBufferSize=0, proxySettings=ProxySettings{host=null, port=null, username=null, password=null}}, connectionPoolSettings=ConnectionPoolSettings{maxSize=100, minSize=0, maxWaitTimeMS=120000, maxConnectionLifeTimeMS=0, maxConnectionIdleTimeMS=0, maintenanceInitialDelayMS=0, maintenanceFrequencyMS=60000, connectionPoolListeners=[io.micrometer.core.instrument.binder.mongodb.MongoMetricsConnectionPoolListener@484302ee], maxConnecting=2}, serverSettings=ServerSettings{heartbeatFrequencyMS=10000, minHeartbeatFrequencyMS=500, serverMonitoringMode=AUTO, serverListeners='[]', serverMonitorListeners='[]'}, sslSettings=SslSettings{enabled=false, invalidHostNameAllowed=false, context=null}, applicationName='null', compressorList=[], uuidRepresentation=JAVA_LEGACY, serverApi=null, autoEncryptionSettings=null, dnsClient=null, inetAddressResolver=null, contextProvider=null, timeoutMS=null}
2025-09-09T23:02:44.137+05:30  INFO 57392 --- [user-service] [cluster-ClusterId{value='68c064bbac32ca3d27c51124', description='null'}-localhost:27017] org.mongodb.driver.cluster               : Monitor thread successfully connected to server with description ServerDescription{address=localhost:27017, type=STANDALONE, cryptd=false, state=CONNECTED, ok=true, minWireVersion=0, maxWireVersion=25, maxDocumentSize=16777216, logicalSessionTimeoutMinutes=30, roundTripTimeNanos=21409800, minRoundTripTimeNanos=0}
2025-09-09T23:02:44.184+05:30  WARN 57392 --- [user-service] [main] o.s.data.convert.CustomConversions       : Registering converter from interface java.util.List to interface org.springframework.data.domain.Vector as reading converter although it doesn't convert from a store-supported type; You might want to check your annotation setup at the converter implementation
2025-09-09T23:02:44.429+05:30  WARN 57392 --- [user-service] [main] o.s.data.convert.CustomConversions       : Registering converter from interface java.util.List to interface org.springframework.data.domain.Vector as reading converter although it doesn't convert from a store-supported type; You might want to check your annotation setup at the converter implementation
2025-09-09T23:02:45.208+05:30  WARN 57392 --- [user-service] [main] c.f.c.c.BeanFactoryAwareFunctionRegistry : Failed to locate function 'busConsumer' for function definition 'busConsumer'. Returning null.
2025-09-09T23:02:45.338+05:30  INFO 57392 --- [user-service] [main] o.s.c.s.m.DirectWithAttributesChannel    : Channel 'user-service.springCloudBusInput' has 1 subscriber(s).
2025-09-09T23:02:45.571+05:30  INFO 57392 --- [user-service] [main] DiscoveryClientOptionalArgsConfiguration : Eureka HTTP Client uses RestTemplate.
2025-09-09T23:02:45.615+05:30  WARN 57392 --- [user-service] [main] iguration$LoadBalancerCaffeineWarnLogger : Spring Cloud LoadBalancer is currently working with the default cache. While this cache implementation is useful for development and tests, it's recommended to use Caffeine cache in production.You can switch to using Caffeine cache, by adding it and org.springframework.cache.caffeine.CaffeineCacheManager to the classpath.
2025-09-09T23:02:45.624+05:30  INFO 57392 --- [user-service] [main] o.s.b.a.e.web.EndpointLinksResolver      : Exposing 1 endpoint beneath base path '/actuator'
2025-09-09T23:02:45.731+05:30  INFO 57392 --- [user-service] [main] o.s.i.endpoint.EventDrivenConsumer       : Adding {logging-channel-adapter:_org.springframework.integration.errorLogger} as a subscriber to the 'errorChannel' channel
2025-09-09T23:02:45.732+05:30  INFO 57392 --- [user-service] [main] o.s.i.channel.PublishSubscribeChannel    : Channel 'user-service.errorChannel' has 1 subscriber(s).
2025-09-09T23:02:45.733+05:30  INFO 57392 --- [user-service] [main] o.s.i.endpoint.EventDrivenConsumer       : started bean '_org.springframework.integration.errorLogger'
2025-09-09T23:02:45.774+05:30  INFO 57392 --- [user-service] [main] o.s.c.n.eureka.InstanceInfoFactory       : Setting initial instance status as: STARTING
2025-09-09T23:02:45.794+05:30  INFO 57392 --- [user-service] [main] com.netflix.discovery.DiscoveryClient    : Initializing Eureka in region us-east-1
2025-09-09T23:02:45.801+05:30  INFO 57392 --- [user-service] [main] c.n.d.s.r.aws.ConfigClusterResolver      : Resolving eureka endpoints via configuration
2025-09-09T23:02:45.817+05:30  INFO 57392 --- [user-service] [main] com.netflix.discovery.DiscoveryClient    : Disable delta property : false
2025-09-09T23:02:45.818+05:30  INFO 57392 --- [user-service] [main] com.netflix.discovery.DiscoveryClient    : Single vip registry refresh property : null
2025-09-09T23:02:45.818+05:30  INFO 57392 --- [user-service] [main] com.netflix.discovery.DiscoveryClient    : Force full registry fetch : false
2025-09-09T23:02:45.818+05:30  INFO 57392 --- [user-service] [main] com.netflix.discovery.DiscoveryClient    : Application is null : false
2025-09-09T23:02:45.818+05:30  INFO 57392 --- [user-service] [main] com.netflix.discovery.DiscoveryClient    : Registered Applications size is zero : true
2025-09-09T23:02:45.819+05:30  INFO 57392 --- [user-service] [main] com.netflix.discovery.DiscoveryClient    : Application version is -1: true
2025-09-09T23:02:45.819+05:30  INFO 57392 --- [user-service] [main] com.netflix.discovery.DiscoveryClient    : Getting all instance registry info from the eureka server
2025-09-09T23:02:46.108+05:30  INFO 57392 --- [user-service] [main] com.netflix.discovery.DiscoveryClient    : The response status is 200
2025-09-09T23:02:46.111+05:30  INFO 57392 --- [user-service] [main] com.netflix.discovery.DiscoveryClient    : Starting heartbeat executor: renew interval is: 30
2025-09-09T23:02:46.112+05:30  INFO 57392 --- [user-service] [main] c.n.discovery.InstanceInfoReplicator     : InstanceInfoReplicator onDemand update allowed rate per min is 4
2025-09-09T23:02:46.115+05:30  INFO 57392 --- [user-service] [main] com.netflix.discovery.DiscoveryClient    : Discovery Client initialized at timestamp 1757439166113 with initial instances count: 3
2025-09-09T23:02:46.117+05:30  INFO 57392 --- [user-service] [main] o.s.c.n.e.s.EurekaServiceRegistry        : Registering application USER-SERVICE with eureka with status UP
2025-09-09T23:02:46.118+05:30  INFO 57392 --- [user-service] [main] com.netflix.discovery.DiscoveryClient    : Saw local status change event StatusChangeEvent [timestamp=1757439166118, current=UP, previous=STARTING]
2025-09-09T23:02:46.119+05:30  INFO 57392 --- [user-service] [DiscoveryClient-InstanceInfoReplicator-%d] com.netflix.discovery.DiscoveryClient    : DiscoveryClient_USER-SERVICE/DarshiniTejas.mshome.net:user-service:8082: registering service...
2025-09-09T23:02:46.119+05:30  INFO 57392 --- [user-service] [main] o.s.c.s.binder.DefaultBinderFactory      : Creating binder: rabbit
2025-09-09T23:02:46.120+05:30  INFO 57392 --- [user-service] [main] o.s.c.s.binder.DefaultBinderFactory      : Constructing binder child context for rabbit
2025-09-09T23:02:46.157+05:30  INFO 57392 --- [user-service] [DiscoveryClient-InstanceInfoReplicator-%d] com.netflix.discovery.DiscoveryClient    : DiscoveryClient_USER-SERVICE/DarshiniTejas.mshome.net:user-service:8082 - registration status: 204
2025-09-09T23:02:46.238+05:30  INFO 57392 --- [user-service] [main] o.s.c.s.binder.DefaultBinderFactory      : Caching the binder: rabbit
2025-09-09T23:02:46.258+05:30  INFO 57392 --- [user-service] [main] c.s.b.r.p.RabbitExchangeQueueProvisioner : declaring queue for inbound: springCloudBus.anonymous.3iycosHjSKitWCaaJ5Efmg, bound to: springCloudBus
2025-09-09T23:02:46.261+05:30  INFO 57392 --- [user-service] [main] o.s.a.r.c.CachingConnectionFactory       : Attempting to connect to: [localhost:5672]
2025-09-09T23:02:46.296+05:30  INFO 57392 --- [user-service] [main] o.s.a.r.c.CachingConnectionFactory       : Created new connection: rabbitConnectionFactory#1fab0394:0/SimpleConnection@39adf4e6 [delegate=amqp://guest@127.0.0.1:5672/, localPort=50630]
2025-09-09T23:02:46.349+05:30  INFO 57392 --- [user-service] [main] o.s.c.stream.binder.BinderErrorChannel   : Channel 'rabbit-93518808.springCloudBusInput.errors' has 1 subscriber(s).
2025-09-09T23:02:46.350+05:30  INFO 57392 --- [user-service] [main] o.s.c.stream.binder.BinderErrorChannel   : Channel 'rabbit-93518808.springCloudBusInput.errors' has 2 subscriber(s).
2025-09-09T23:02:46.371+05:30  INFO 57392 --- [user-service] [main] o.s.i.a.i.AmqpInboundChannelAdapter      : started bean 'inbound.springCloudBus.anonymous.3iycosHjSKitWCaaJ5Efmg'
2025-09-09T23:02:46.386+05:30  INFO 57392 --- [user-service] [main] o.s.b.w.embedded.tomcat.TomcatWebServer  : Tomcat started on port 8082 (http) with context path '/'
2025-09-09T23:02:46.387+05:30  INFO 57392 --- [user-service] [main] .s.c.n.e.s.EurekaAutoServiceRegistration : Updating port to 8082
2025-09-09T23:02:46.429+05:30  INFO 57392 --- [user-service] [main] com.ecommerce.user.UserApplication       : Started UserApplication in 6.277 seconds (process running for 6.86)
2025-09-09T23:05:45.899+05:30  INFO 57392 --- [user-service] [http-nio-8082-exec-1] o.a.c.c.C.[Tomcat].[localhost].[/]       : Initializing Spring DispatcherServlet 'dispatcherServlet'
2025-09-09T23:05:45.900+05:30  INFO 57392 --- [user-service] [http-nio-8082-exec-1] o.s.web.servlet.DispatcherServlet        : Initializing Servlet 'dispatcherServlet'
2025-09-09T23:05:45.901+05:30  INFO 57392 --- [user-service] [http-nio-8082-exec-1] o.s.web.servlet.DispatcherServlet        : Completed initialization in 1 ms
2025-09-09T23:05:45.929+05:30  INFO 57392 --- [user-service] [http-nio-8082-exec-1] c.e.user.controller.UserController       : THIS IS INFO LEVEL: 68bc65b355b80297c1646f21GENERAL SYSTEM INFORMATION
2025-09-09T23:05:45.929+05:30 TRACE 57392 --- [user-service] [http-nio-8082-exec-1] c.e.user.controller.UserController       : THIS IS TRACE LEVEL-VERY DETAILS LOG
2025-09-09T23:05:45.929+05:30 DEBUG 57392 --- [user-service] [http-nio-8082-exec-1] c.e.user.controller.UserController       : THIS IS DEBUG LEVEL-DEBUGGING INFORMATION
2025-09-09T23:05:45.929+05:30  WARN 57392 --- [user-service] [http-nio-8082-exec-1] c.e.user.controller.UserController       : THIS IS WARN LEVEL-WARNING MESSAGE
2025-09-09T23:05:45.929+05:30 ERROR 57392 --- [user-service] [http-nio-8082-exec-1] c.e.user.controller.UserController       : THIS IS ERROR LEVEL-ERROR MESSAGE
2025-09-09T23:07:45.823+05:30  INFO 57392 --- [user-service] [AsyncResolver-bootstrap-executor-%d] c.n.d.s.r.aws.ConfigClusterResolver      : Resolving eureka endpoints via configuration
2025-09-09T23:11:39.275+05:30  INFO 57392 --- [user-service] [SpringApplicationShutdownHook] o.s.c.n.e.s.EurekaServiceRegistry        : Unregistering application USER-SERVICE with eureka with status DOWN
2025-09-09T23:11:39.276+05:30  INFO 57392 --- [user-service] [SpringApplicationShutdownHook] com.netflix.discovery.DiscoveryClient    : Saw local status change event StatusChangeEvent [timestamp=1757439699275, current=DOWN, previous=UP]
2025-09-09T23:11:39.276+05:30  INFO 57392 --- [user-service] [DiscoveryClient-InstanceInfoReplicator-%d] com.netflix.discovery.DiscoveryClient    : DiscoveryClient_USER-SERVICE/DarshiniTejas.mshome.net:user-service:8082: registering service...
2025-09-09T23:11:39.281+05:30  INFO 57392 --- [user-service] [SpringApplicationShutdownHook] o.s.b.w.e.tomcat.GracefulShutdown        : Commencing graceful shutdown. Waiting for active requests to complete
2025-09-09T23:11:39.283+05:30  INFO 57392 --- [user-service] [DiscoveryClient-InstanceInfoReplicator-%d] com.netflix.discovery.DiscoveryClient    : DiscoveryClient_USER-SERVICE/DarshiniTejas.mshome.net:user-service:8082 - registration status: 204
2025-09-09T23:11:39.286+05:30  INFO 57392 --- [user-service] [tomcat-shutdown] o.s.b.w.e.tomcat.GracefulShutdown        : Graceful shutdown complete
2025-09-09T23:11:39.303+05:30  INFO 57392 --- [user-service] [SpringApplicationShutdownHook] o.s.a.r.l.SimpleMessageListenerContainer : Waiting for workers to finish.
2025-09-09T23:11:40.277+05:30  INFO 57392 --- [user-service] [SpringApplicationShutdownHook] o.s.a.r.l.SimpleMessageListenerContainer : Successfully waited for workers to finish.
2025-09-09T23:11:40.278+05:30  INFO 57392 --- [user-service] [SpringApplicationShutdownHook] o.s.i.a.i.AmqpInboundChannelAdapter      : stopped bean 'inbound.springCloudBus.anonymous.3iycosHjSKitWCaaJ5Efmg'
2025-09-09T23:11:40.294+05:30  INFO 57392 --- [user-service] [SpringApplicationShutdownHook] o.s.c.stream.binder.BinderErrorChannel   : Channel 'user-service.rabbit-93518808.springCloudBusInput.errors' has 1 subscriber(s).
2025-09-09T23:11:40.295+05:30  INFO 57392 --- [user-service] [SpringApplicationShutdownHook] o.s.c.stream.binder.BinderErrorChannel   : Channel 'user-service.rabbit-93518808.springCloudBusInput.errors' has 0 subscriber(s).
2025-09-09T23:11:40.332+05:30  INFO 57392 --- [user-service] [SpringApplicationShutdownHook] o.s.i.endpoint.EventDrivenConsumer       : Removing {logging-channel-adapter:_org.springframework.integration.errorLogger} as a subscriber to the 'errorChannel' channel
2025-09-09T23:11:40.333+05:30  INFO 57392 --- [user-service] [SpringApplicationShutdownHook] o.s.i.channel.PublishSubscribeChannel    : Channel 'user-service.errorChannel' has 0 subscriber(s).
2025-09-09T23:11:40.333+05:30  INFO 57392 --- [user-service] [SpringApplicationShutdownHook] o.s.i.endpoint.EventDrivenConsumer       : stopped bean '_org.springframework.integration.errorLogger'
2025-09-09T23:11:40.348+05:30  INFO 57392 --- [user-service] [SpringApplicationShutdownHook] com.netflix.discovery.DiscoveryClient    : Shutting down DiscoveryClient ...
2025-09-09T23:11:43.349+05:30  INFO 57392 --- [user-service] [SpringApplicationShutdownHook] com.netflix.discovery.DiscoveryClient    : Unregistering ...
2025-09-09T23:11:43.358+05:30  INFO 57392 --- [user-service] [SpringApplicationShutdownHook] com.netflix.discovery.DiscoveryClient    : DiscoveryClient_USER-SERVICE/DarshiniTejas.mshome.net:user-service:8082 - deregister  status: 200
2025-09-09T23:11:43.358+05:30  INFO 57392 --- [user-service] [SpringApplicationShutdownHook] com.netflix.discovery.DiscoveryClient    : Completed shut down of DiscoveryClient
2025-09-09T23:16:24.552+05:30  INFO 58792 --- [user-service] [main] com.ecommerce.user.UserApplication       : Starting UserApplication using Java 24.0.2 with PID 58792 (C:\2024\SCALER ACADEMY\MYMICROSERVICES\EcommerceMicroServiceApplications\user\target\classes started by ninga in C:\2024\SCALER ACADEMY\MYMICROSERVICES\EcommerceMicroServiceApplications)
2025-09-09T23:16:24.555+05:30 DEBUG 58792 --- [user-service] [main] com.ecommerce.user.UserApplication       : Running with Spring Boot v3.5.0, Spring v6.2.7
2025-09-09T23:16:24.556+05:30  INFO 58792 --- [user-service] [main] com.ecommerce.user.UserApplication       : No active profile set, falling back to 1 default profile: "default"
2025-09-09T23:16:26.154+05:30  INFO 58792 --- [user-service] [main] .s.d.r.c.RepositoryConfigurationDelegate : Bootstrapping Spring Data MongoDB repositories in DEFAULT mode.
2025-09-09T23:16:26.319+05:30  INFO 58792 --- [user-service] [main] .s.d.r.c.RepositoryConfigurationDelegate : Finished Spring Data repository scanning in 148 ms. Found 1 MongoDB repository interface.
2025-09-09T23:16:26.554+05:30  INFO 58792 --- [user-service] [main] faultConfiguringBeanFactoryPostProcessor : No bean named 'errorChannel' has been explicitly defined. Therefore, a default PublishSubscribeChannel will be created.
2025-09-09T23:16:26.566+05:30  INFO 58792 --- [user-service] [main] faultConfiguringBeanFactoryPostProcessor : No bean named 'integrationHeaderChannelRegistry' has been explicitly defined. Therefore, a default DefaultHeaderChannelRegistry will be created.
2025-09-09T23:16:26.673+05:30  INFO 58792 --- [user-service] [main] o.s.cloud.context.scope.GenericScope     : BeanFactory id=eb1a36bf-2d76-350e-9f9b-151aad651960
2025-09-09T23:16:27.202+05:30  INFO 58792 --- [user-service] [main] o.s.b.w.embedded.tomcat.TomcatWebServer  : Tomcat initialized with port 8082 (http)
2025-09-09T23:16:27.219+05:30  INFO 58792 --- [user-service] [main] o.apache.catalina.core.StandardService   : Starting service [Tomcat]
2025-09-09T23:16:27.219+05:30  INFO 58792 --- [user-service] [main] o.apache.catalina.core.StandardEngine    : Starting Servlet engine: [Apache Tomcat/10.1.41]
2025-09-09T23:16:27.286+05:30  INFO 58792 --- [user-service] [main] o.a.c.c.C.[Tomcat].[localhost].[/]       : Initializing Spring embedded WebApplicationContext
2025-09-09T23:16:27.287+05:30  INFO 58792 --- [user-service] [main] w.s.c.ServletWebServerApplicationContext : Root WebApplicationContext: initialization completed in 2659 ms
2025-09-09T23:16:27.792+05:30  INFO 58792 --- [user-service] [main] org.mongodb.driver.client                : MongoClient with metadata {"driver": {"name": "mongo-java-driver|sync|spring-boot", "version": "5.4.0"}, "os": {"type": "Windows", "name": "Windows 11", "architecture": "amd64", "version": "10.0"}, "platform": "Java/Oracle Corporation/24.0.2+12-54"} created with settings MongoClientSettings{readPreference=primary, writeConcern=WriteConcern{w=null, wTimeout=null ms, journal=null}, retryWrites=true, retryReads=true, readConcern=ReadConcern{level=null}, credential=null, transportSettings=null, commandListeners=[io.micrometer.core.instrument.binder.mongodb.MongoMetricsCommandListener@fa11fda], codecRegistry=ProvidersCodecRegistry{codecProviders=[ValueCodecProvider{}, BsonValueCodecProvider{}, DBRefCodecProvider{}, DBObjectCodecProvider{}, DocumentCodecProvider{}, CollectionCodecProvider{}, IterableCodecProvider{}, MapCodecProvider{}, GeoJsonCodecProvider{}, GridFSFileCodecProvider{}, Jsr310CodecProvider{}, JsonObjectCodecProvider{}, BsonCodecProvider{}, EnumCodecProvider{}, com.mongodb.client.model.mql.ExpressionCodecProvider@24e1e90a, com.mongodb.Jep395RecordCodecProvider@7d95166a, com.mongodb.KotlinCodecProvider@18b3db6e]}, loggerSettings=LoggerSettings{maxDocumentLength=1000}, clusterSettings={hosts=[localhost:27017], srvServiceName=mongodb, mode=SINGLE, requiredClusterType=UNKNOWN, requiredReplicaSetName='null', serverSelector='null', clusterListeners='[]', serverSelectionTimeout='30000 ms', localThreshold='15 ms'}, socketSettings=SocketSettings{connectTimeoutMS=10000, readTimeoutMS=0, receiveBufferSize=0, proxySettings=ProxySettings{host=null, port=null, username=null, password=null}}, heartbeatSocketSettings=SocketSettings{connectTimeoutMS=10000, readTimeoutMS=10000, receiveBufferSize=0, proxySettings=ProxySettings{host=null, port=null, username=null, password=null}}, connectionPoolSettings=ConnectionPoolSettings{maxSize=100, minSize=0, maxWaitTimeMS=120000, maxConnectionLifeTimeMS=0, maxConnectionIdleTimeMS=0, maintenanceInitialDelayMS=0, maintenanceFrequencyMS=60000, connectionPoolListeners=[io.micrometer.core.instrument.binder.mongodb.MongoMetricsConnectionPoolListener@1feb586d], maxConnecting=2}, serverSettings=ServerSettings{heartbeatFrequencyMS=10000, minHeartbeatFrequencyMS=500, serverMonitoringMode=AUTO, serverListeners='[]', serverMonitorListeners='[]'}, sslSettings=SslSettings{enabled=false, invalidHostNameAllowed=false, context=null}, applicationName='null', compressorList=[], uuidRepresentation=JAVA_LEGACY, serverApi=null, autoEncryptionSettings=null, dnsClient=null, inetAddressResolver=null, contextProvider=null, timeoutMS=null}
2025-09-09T23:16:27.816+05:30  INFO 58792 --- [user-service] [cluster-ClusterId{value='68c067f3bffcf2e56c808a09', description='null'}-localhost:27017] org.mongodb.driver.cluster               : Monitor thread successfully connected to server with description ServerDescription{address=localhost:27017, type=STANDALONE, cryptd=false, state=CONNECTED, ok=true, minWireVersion=0, maxWireVersion=25, maxDocumentSize=16777216, logicalSessionTimeoutMinutes=30, roundTripTimeNanos=19273100, minRoundTripTimeNanos=0}
2025-09-09T23:16:27.862+05:30  WARN 58792 --- [user-service] [main] o.s.data.convert.CustomConversions       : Registering converter from interface java.util.List to interface org.springframework.data.domain.Vector as reading converter although it doesn't convert from a store-supported type; You might want to check your annotation setup at the converter implementation
2025-09-09T23:16:28.131+05:30  WARN 58792 --- [user-service] [main] o.s.data.convert.CustomConversions       : Registering converter from interface java.util.List to interface org.springframework.data.domain.Vector as reading converter although it doesn't convert from a store-supported type; You might want to check your annotation setup at the converter implementation
2025-09-09T23:16:28.816+05:30  WARN 58792 --- [user-service] [main] c.f.c.c.BeanFactoryAwareFunctionRegistry : Failed to locate function 'busConsumer' for function definition 'busConsumer'. Returning null.
2025-09-09T23:16:28.889+05:30  INFO 58792 --- [user-service] [main] o.s.c.s.m.DirectWithAttributesChannel    : Channel 'user-service.springCloudBusInput' has 1 subscriber(s).
2025-09-09T23:16:29.073+05:30  INFO 58792 --- [user-service] [main] DiscoveryClientOptionalArgsConfiguration : Eureka HTTP Client uses RestTemplate.
2025-09-09T23:16:29.120+05:30  WARN 58792 --- [user-service] [main] iguration$LoadBalancerCaffeineWarnLogger : Spring Cloud LoadBalancer is currently working with the default cache. While this cache implementation is useful for development and tests, it's recommended to use Caffeine cache in production.You can switch to using Caffeine cache, by adding it and org.springframework.cache.caffeine.CaffeineCacheManager to the classpath.
2025-09-09T23:16:29.128+05:30  INFO 58792 --- [user-service] [main] o.s.b.a.e.web.EndpointLinksResolver      : Exposing 1 endpoint beneath base path '/actuator'
2025-09-09T23:16:29.198+05:30  INFO 58792 --- [user-service] [main] o.s.i.endpoint.EventDrivenConsumer       : Adding {logging-channel-adapter:_org.springframework.integration.errorLogger} as a subscriber to the 'errorChannel' channel
2025-09-09T23:16:29.198+05:30  INFO 58792 --- [user-service] [main] o.s.i.channel.PublishSubscribeChannel    : Channel 'user-service.errorChannel' has 1 subscriber(s).
2025-09-09T23:16:29.199+05:30  INFO 58792 --- [user-service] [main] o.s.i.endpoint.EventDrivenConsumer       : started bean '_org.springframework.integration.errorLogger'
2025-09-09T23:16:29.237+05:30  INFO 58792 --- [user-service] [main] o.s.c.n.eureka.InstanceInfoFactory       : Setting initial instance status as: STARTING
2025-09-09T23:16:29.261+05:30  INFO 58792 --- [user-service] [main] com.netflix.discovery.DiscoveryClient    : Initializing Eureka in region us-east-1
2025-09-09T23:16:29.272+05:30  INFO 58792 --- [user-service] [main] c.n.d.s.r.aws.ConfigClusterResolver      : Resolving eureka endpoints via configuration
2025-09-09T23:16:29.289+05:30  INFO 58792 --- [user-service] [main] com.netflix.discovery.DiscoveryClient    : Disable delta property : false
2025-09-09T23:16:29.289+05:30  INFO 58792 --- [user-service] [main] com.netflix.discovery.DiscoveryClient    : Single vip registry refresh property : null
2025-09-09T23:16:29.289+05:30  INFO 58792 --- [user-service] [main] com.netflix.discovery.DiscoveryClient    : Force full registry fetch : false
2025-09-09T23:16:29.289+05:30  INFO 58792 --- [user-service] [main] com.netflix.discovery.DiscoveryClient    : Application is null : false
2025-09-09T23:16:29.290+05:30  INFO 58792 --- [user-service] [main] com.netflix.discovery.DiscoveryClient    : Registered Applications size is zero : true
2025-09-09T23:16:29.290+05:30  INFO 58792 --- [user-service] [main] com.netflix.discovery.DiscoveryClient    : Application version is -1: true
2025-09-09T23:16:29.290+05:30  INFO 58792 --- [user-service] [main] com.netflix.discovery.DiscoveryClient    : Getting all instance registry info from the eureka server
2025-09-09T23:16:29.585+05:30  INFO 58792 --- [user-service] [main] com.netflix.discovery.DiscoveryClient    : The response status is 200
2025-09-09T23:16:29.588+05:30  INFO 58792 --- [user-service] [main] com.netflix.discovery.DiscoveryClient    : Starting heartbeat executor: renew interval is: 30
2025-09-09T23:16:29.590+05:30  INFO 58792 --- [user-service] [main] c.n.discovery.InstanceInfoReplicator     : InstanceInfoReplicator onDemand update allowed rate per min is 4
2025-09-09T23:16:29.592+05:30  INFO 58792 --- [user-service] [main] com.netflix.discovery.DiscoveryClient    : Discovery Client initialized at timestamp 1757439989591 with initial instances count: 2
2025-09-09T23:16:29.594+05:30  INFO 58792 --- [user-service] [main] o.s.c.n.e.s.EurekaServiceRegistry        : Registering application USER-SERVICE with eureka with status UP
2025-09-09T23:16:29.595+05:30  INFO 58792 --- [user-service] [main] com.netflix.discovery.DiscoveryClient    : Saw local status change event StatusChangeEvent [timestamp=1757439989595, current=UP, previous=STARTING]
2025-09-09T23:16:29.597+05:30  INFO 58792 --- [user-service] [DiscoveryClient-InstanceInfoReplicator-%d] com.netflix.discovery.DiscoveryClient    : DiscoveryClient_USER-SERVICE/DarshiniTejas.mshome.net:user-service:8082: registering service...
2025-09-09T23:16:29.598+05:30  INFO 58792 --- [user-service] [main] o.s.c.s.binder.DefaultBinderFactory      : Creating binder: rabbit
2025-09-09T23:16:29.599+05:30  INFO 58792 --- [user-service] [main] o.s.c.s.binder.DefaultBinderFactory      : Constructing binder child context for rabbit
2025-09-09T23:16:29.643+05:30  INFO 58792 --- [user-service] [DiscoveryClient-InstanceInfoReplicator-%d] com.netflix.discovery.DiscoveryClient    : DiscoveryClient_USER-SERVICE/DarshiniTejas.mshome.net:user-service:8082 - registration status: 204
2025-09-09T23:16:29.700+05:30  INFO 58792 --- [user-service] [main] o.s.c.s.binder.DefaultBinderFactory      : Caching the binder: rabbit
2025-09-09T23:16:29.716+05:30  INFO 58792 --- [user-service] [main] c.s.b.r.p.RabbitExchangeQueueProvisioner : declaring queue for inbound: springCloudBus.anonymous.h2KsNfIRQJGUqcGkzsbPIA, bound to: springCloudBus
2025-09-09T23:16:29.721+05:30  INFO 58792 --- [user-service] [main] o.s.a.r.c.CachingConnectionFactory       : Attempting to connect to: [localhost:5672]
2025-09-09T23:16:29.752+05:30  INFO 58792 --- [user-service] [main] o.s.a.r.c.CachingConnectionFactory       : Created new connection: rabbitConnectionFactory#2a79da3a:0/SimpleConnection@adb15df [delegate=amqp://guest@127.0.0.1:5672/, localPort=51319]
2025-09-09T23:16:29.804+05:30  INFO 58792 --- [user-service] [main] o.s.c.stream.binder.BinderErrorChannel   : Channel 'rabbit-1666665846.springCloudBusInput.errors' has 1 subscriber(s).
2025-09-09T23:16:29.805+05:30  INFO 58792 --- [user-service] [main] o.s.c.stream.binder.BinderErrorChannel   : Channel 'rabbit-1666665846.springCloudBusInput.errors' has 2 subscriber(s).
2025-09-09T23:16:29.828+05:30  INFO 58792 --- [user-service] [main] o.s.i.a.i.AmqpInboundChannelAdapter      : started bean 'inbound.springCloudBus.anonymous.h2KsNfIRQJGUqcGkzsbPIA'
2025-09-09T23:16:29.847+05:30  INFO 58792 --- [user-service] [main] o.s.b.w.embedded.tomcat.TomcatWebServer  : Tomcat started on port 8082 (http) with context path '/'
2025-09-09T23:16:29.849+05:30  INFO 58792 --- [user-service] [main] .s.c.n.e.s.EurekaAutoServiceRegistration : Updating port to 8082
2025-09-09T23:16:29.887+05:30  INFO 58792 --- [user-service] [main] com.ecommerce.user.UserApplication       : Started UserApplication in 5.98 seconds (process running for 6.605)
2025-09-09T23:16:45.883+05:30  INFO 58792 --- [user-service] [SpringApplicationShutdownHook] o.s.c.n.e.s.EurekaServiceRegistry        : Unregistering application USER-SERVICE with eureka with status DOWN
2025-09-09T23:16:45.883+05:30  INFO 58792 --- [user-service] [SpringApplicationShutdownHook] com.netflix.discovery.DiscoveryClient    : Saw local status change event StatusChangeEvent [timestamp=1757440005883, current=DOWN, previous=UP]
2025-09-09T23:16:45.884+05:30  INFO 58792 --- [user-service] [DiscoveryClient-InstanceInfoReplicator-%d] com.netflix.discovery.DiscoveryClient    : DiscoveryClient_USER-SERVICE/DarshiniTejas.mshome.net:user-service:8082: registering service...
2025-09-09T23:16:45.888+05:30  INFO 58792 --- [user-service] [SpringApplicationShutdownHook] o.s.b.w.e.tomcat.GracefulShutdown        : Commencing graceful shutdown. Waiting for active requests to complete
2025-09-09T23:16:45.893+05:30  INFO 58792 --- [user-service] [DiscoveryClient-InstanceInfoReplicator-%d] com.netflix.discovery.DiscoveryClient    : DiscoveryClient_USER-SERVICE/DarshiniTejas.mshome.net:user-service:8082 - registration status: 204
2025-09-09T23:16:45.896+05:30  INFO 58792 --- [user-service] [tomcat-shutdown] o.s.b.w.e.tomcat.GracefulShutdown        : Graceful shutdown complete
2025-09-09T23:16:45.908+05:30  INFO 58792 --- [user-service] [SpringApplicationShutdownHook] o.s.a.r.l.SimpleMessageListenerContainer : Waiting for workers to finish.
2025-09-09T23:16:46.842+05:30  INFO 58792 --- [user-service] [SpringApplicationShutdownHook] o.s.a.r.l.SimpleMessageListenerContainer : Successfully waited for workers to finish.
2025-09-09T23:16:46.842+05:30  INFO 58792 --- [user-service] [SpringApplicationShutdownHook] o.s.i.a.i.AmqpInboundChannelAdapter      : stopped bean 'inbound.springCloudBus.anonymous.h2KsNfIRQJGUqcGkzsbPIA'
2025-09-09T23:16:46.848+05:30  INFO 58792 --- [user-service] [SpringApplicationShutdownHook] o.s.c.stream.binder.BinderErrorChannel   : Channel 'user-service.rabbit-1666665846.springCloudBusInput.errors' has 1 subscriber(s).
2025-09-09T23:16:46.849+05:30  INFO 58792 --- [user-service] [SpringApplicationShutdownHook] o.s.c.stream.binder.BinderErrorChannel   : Channel 'user-service.rabbit-1666665846.springCloudBusInput.errors' has 0 subscriber(s).
2025-09-09T23:16:46.868+05:30  INFO 58792 --- [user-service] [SpringApplicationShutdownHook] o.s.i.endpoint.EventDrivenConsumer       : Removing {logging-channel-adapter:_org.springframework.integration.errorLogger} as a subscriber to the 'errorChannel' channel
2025-09-09T23:16:46.869+05:30  INFO 58792 --- [user-service] [SpringApplicationShutdownHook] o.s.i.channel.PublishSubscribeChannel    : Channel 'user-service.errorChannel' has 0 subscriber(s).
2025-09-09T23:16:46.869+05:30  INFO 58792 --- [user-service] [SpringApplicationShutdownHook] o.s.i.endpoint.EventDrivenConsumer       : stopped bean '_org.springframework.integration.errorLogger'
2025-09-09T23:16:46.878+05:30  INFO 58792 --- [user-service] [SpringApplicationShutdownHook] com.netflix.discovery.DiscoveryClient    : Shutting down DiscoveryClient ...
2025-09-09T23:16:49.880+05:30  INFO 58792 --- [user-service] [SpringApplicationShutdownHook] com.netflix.discovery.DiscoveryClient    : Unregistering ...
2025-09-09T23:16:49.893+05:30  INFO 58792 --- [user-service] [SpringApplicationShutdownHook] com.netflix.discovery.DiscoveryClient    : DiscoveryClient_USER-SERVICE/DarshiniTejas.mshome.net:user-service:8082 - deregister  status: 200
2025-09-09T23:16:49.894+05:30  INFO 58792 --- [user-service] [SpringApplicationShutdownHook] com.netflix.discovery.DiscoveryClient    : Completed shut down of DiscoveryClient
2025-09-09T23:16:52.064+05:30  INFO 21176 --- [user-service] [main] com.ecommerce.user.UserApplication       : Starting UserApplication using Java 24.0.2 with PID 21176 (C:\2024\SCALER ACADEMY\MYMICROSERVICES\EcommerceMicroServiceApplications\user\target\classes started by ninga in C:\2024\SCALER ACADEMY\MYMICROSERVICES\EcommerceMicroServiceApplications)
2025-09-09T23:16:52.068+05:30 DEBUG 21176 --- [user-service] [main] com.ecommerce.user.UserApplication       : Running with Spring Boot v3.5.0, Spring v6.2.7
2025-09-09T23:16:52.069+05:30  INFO 21176 --- [user-service] [main] com.ecommerce.user.UserApplication       : No active profile set, falling back to 1 default profile: "default"
2025-09-09T23:16:53.691+05:30  INFO 21176 --- [user-service] [main] .s.d.r.c.RepositoryConfigurationDelegate : Bootstrapping Spring Data MongoDB repositories in DEFAULT mode.
2025-09-09T23:16:53.868+05:30  INFO 21176 --- [user-service] [main] .s.d.r.c.RepositoryConfigurationDelegate : Finished Spring Data repository scanning in 163 ms. Found 1 MongoDB repository interface.
2025-09-09T23:16:54.117+05:30  INFO 21176 --- [user-service] [main] faultConfiguringBeanFactoryPostProcessor : No bean named 'errorChannel' has been explicitly defined. Therefore, a default PublishSubscribeChannel will be created.
2025-09-09T23:16:54.126+05:30  INFO 21176 --- [user-service] [main] faultConfiguringBeanFactoryPostProcessor : No bean named 'integrationHeaderChannelRegistry' has been explicitly defined. Therefore, a default DefaultHeaderChannelRegistry will be created.
2025-09-09T23:16:54.218+05:30  INFO 21176 --- [user-service] [main] o.s.cloud.context.scope.GenericScope     : BeanFactory id=eb1a36bf-2d76-350e-9f9b-151aad651960
2025-09-09T23:16:54.733+05:30  INFO 21176 --- [user-service] [main] o.s.b.w.embedded.tomcat.TomcatWebServer  : Tomcat initialized with port 8082 (http)
2025-09-09T23:16:54.747+05:30  INFO 21176 --- [user-service] [main] o.apache.catalina.core.StandardService   : Starting service [Tomcat]
2025-09-09T23:16:54.748+05:30  INFO 21176 --- [user-service] [main] o.apache.catalina.core.StandardEngine    : Starting Servlet engine: [Apache Tomcat/10.1.41]
2025-09-09T23:16:54.801+05:30  INFO 21176 --- [user-service] [main] o.a.c.c.C.[Tomcat].[localhost].[/]       : Initializing Spring embedded WebApplicationContext
2025-09-09T23:16:54.802+05:30  INFO 21176 --- [user-service] [main] w.s.c.ServletWebServerApplicationContext : Root WebApplicationContext: initialization completed in 2687 ms
2025-09-09T23:16:55.352+05:30  INFO 21176 --- [user-service] [main] org.mongodb.driver.client                : MongoClient with metadata {"driver": {"name": "mongo-java-driver|sync|spring-boot", "version": "5.4.0"}, "os": {"type": "Windows", "name": "Windows 11", "architecture": "amd64", "version": "10.0"}, "platform": "Java/Oracle Corporation/24.0.2+12-54"} created with settings MongoClientSettings{readPreference=primary, writeConcern=WriteConcern{w=null, wTimeout=null ms, journal=null}, retryWrites=true, retryReads=true, readConcern=ReadConcern{level=null}, credential=null, transportSettings=null, commandListeners=[io.micrometer.core.instrument.binder.mongodb.MongoMetricsCommandListener@6774f264], codecRegistry=ProvidersCodecRegistry{codecProviders=[ValueCodecProvider{}, BsonValueCodecProvider{}, DBRefCodecProvider{}, DBObjectCodecProvider{}, DocumentCodecProvider{}, CollectionCodecProvider{}, IterableCodecProvider{}, MapCodecProvider{}, GeoJsonCodecProvider{}, GridFSFileCodecProvider{}, Jsr310CodecProvider{}, JsonObjectCodecProvider{}, BsonCodecProvider{}, EnumCodecProvider{}, com.mongodb.client.model.mql.ExpressionCodecProvider@2299f6d7, com.mongodb.Jep395RecordCodecProvider@5cd701e4, com.mongodb.KotlinCodecProvider@6c9151c1]}, loggerSettings=LoggerSettings{maxDocumentLength=1000}, clusterSettings={hosts=[localhost:27017], srvServiceName=mongodb, mode=SINGLE, requiredClusterType=UNKNOWN, requiredReplicaSetName='null', serverSelector='null', clusterListeners='[]', serverSelectionTimeout='30000 ms', localThreshold='15 ms'}, socketSettings=SocketSettings{connectTimeoutMS=10000, readTimeoutMS=0, receiveBufferSize=0, proxySettings=ProxySettings{host=null, port=null, username=null, password=null}}, heartbeatSocketSettings=SocketSettings{connectTimeoutMS=10000, readTimeoutMS=10000, receiveBufferSize=0, proxySettings=ProxySettings{host=null, port=null, username=null, password=null}}, connectionPoolSettings=ConnectionPoolSettings{maxSize=100, minSize=0, maxWaitTimeMS=120000, maxConnectionLifeTimeMS=0, maxConnectionIdleTimeMS=0, maintenanceInitialDelayMS=0, maintenanceFrequencyMS=60000, connectionPoolListeners=[io.micrometer.core.instrument.binder.mongodb.MongoMetricsConnectionPoolListener@2c3679e5], maxConnecting=2}, serverSettings=ServerSettings{heartbeatFrequencyMS=10000, minHeartbeatFrequencyMS=500, serverMonitoringMode=AUTO, serverListeners='[]', serverMonitorListeners='[]'}, sslSettings=SslSettings{enabled=false, invalidHostNameAllowed=false, context=null}, applicationName='null', compressorList=[], uuidRepresentation=JAVA_LEGACY, serverApi=null, autoEncryptionSettings=null, dnsClient=null, inetAddressResolver=null, contextProvider=null, timeoutMS=null}
2025-09-09T23:16:55.375+05:30  INFO 21176 --- [user-service] [cluster-ClusterId{value='68c0680fbf9cff6844fe5342', description='null'}-localhost:27017] org.mongodb.driver.cluster               : Monitor thread successfully connected to server with description ServerDescription{address=localhost:27017, type=STANDALONE, cryptd=false, state=CONNECTED, ok=true, minWireVersion=0, maxWireVersion=25, maxDocumentSize=16777216, logicalSessionTimeoutMinutes=30, roundTripTimeNanos=32262400, minRoundTripTimeNanos=0}
2025-09-09T23:16:55.425+05:30  WARN 21176 --- [user-service] [main] o.s.data.convert.CustomConversions       : Registering converter from interface java.util.List to interface org.springframework.data.domain.Vector as reading converter although it doesn't convert from a store-supported type; You might want to check your annotation setup at the converter implementation
2025-09-09T23:16:55.676+05:30  WARN 21176 --- [user-service] [main] o.s.data.convert.CustomConversions       : Registering converter from interface java.util.List to interface org.springframework.data.domain.Vector as reading converter although it doesn't convert from a store-supported type; You might want to check your annotation setup at the converter implementation
2025-09-09T23:16:56.528+05:30  WARN 21176 --- [user-service] [main] c.f.c.c.BeanFactoryAwareFunctionRegistry : Failed to locate function 'busConsumer' for function definition 'busConsumer'. Returning null.
2025-09-09T23:16:56.620+05:30  INFO 21176 --- [user-service] [main] o.s.c.s.m.DirectWithAttributesChannel    : Channel 'user-service.springCloudBusInput' has 1 subscriber(s).
2025-09-09T23:16:56.832+05:30  INFO 21176 --- [user-service] [main] DiscoveryClientOptionalArgsConfiguration : Eureka HTTP Client uses RestTemplate.
2025-09-09T23:16:56.874+05:30  WARN 21176 --- [user-service] [main] iguration$LoadBalancerCaffeineWarnLogger : Spring Cloud LoadBalancer is currently working with the default cache. While this cache implementation is useful for development and tests, it's recommended to use Caffeine cache in production.You can switch to using Caffeine cache, by adding it and org.springframework.cache.caffeine.CaffeineCacheManager to the classpath.
2025-09-09T23:16:56.885+05:30  INFO 21176 --- [user-service] [main] o.s.b.a.e.web.EndpointLinksResolver      : Exposing 1 endpoint beneath base path '/actuator'
2025-09-09T23:16:56.989+05:30  INFO 21176 --- [user-service] [main] o.s.i.endpoint.EventDrivenConsumer       : Adding {logging-channel-adapter:_org.springframework.integration.errorLogger} as a subscriber to the 'errorChannel' channel
2025-09-09T23:16:56.989+05:30  INFO 21176 --- [user-service] [main] o.s.i.channel.PublishSubscribeChannel    : Channel 'user-service.errorChannel' has 1 subscriber(s).
2025-09-09T23:16:56.990+05:30  INFO 21176 --- [user-service] [main] o.s.i.endpoint.EventDrivenConsumer       : started bean '_org.springframework.integration.errorLogger'
2025-09-09T23:16:57.036+05:30  INFO 21176 --- [user-service] [main] o.s.c.n.eureka.InstanceInfoFactory       : Setting initial instance status as: STARTING
2025-09-09T23:16:57.059+05:30  INFO 21176 --- [user-service] [main] com.netflix.discovery.DiscoveryClient    : Initializing Eureka in region us-east-1
2025-09-09T23:16:57.071+05:30  INFO 21176 --- [user-service] [main] c.n.d.s.r.aws.ConfigClusterResolver      : Resolving eureka endpoints via configuration
2025-09-09T23:16:57.092+05:30  INFO 21176 --- [user-service] [main] com.netflix.discovery.DiscoveryClient    : Disable delta property : false
2025-09-09T23:16:57.092+05:30  INFO 21176 --- [user-service] [main] com.netflix.discovery.DiscoveryClient    : Single vip registry refresh property : null
2025-09-09T23:16:57.092+05:30  INFO 21176 --- [user-service] [main] com.netflix.discovery.DiscoveryClient    : Force full registry fetch : false
2025-09-09T23:16:57.092+05:30  INFO 21176 --- [user-service] [main] com.netflix.discovery.DiscoveryClient    : Application is null : false
2025-09-09T23:16:57.092+05:30  INFO 21176 --- [user-service] [main] com.netflix.discovery.DiscoveryClient    : Registered Applications size is zero : true
2025-09-09T23:16:57.093+05:30  INFO 21176 --- [user-service] [main] com.netflix.discovery.DiscoveryClient    : Application version is -1: true
2025-09-09T23:16:57.093+05:30  INFO 21176 --- [user-service] [main] com.netflix.discovery.DiscoveryClient    : Getting all instance registry info from the eureka server
2025-09-09T23:16:57.396+05:30  INFO 21176 --- [user-service] [main] com.netflix.discovery.DiscoveryClient    : The response status is 200
2025-09-09T23:16:57.399+05:30  INFO 21176 --- [user-service] [main] com.netflix.discovery.DiscoveryClient    : Starting heartbeat executor: renew interval is: 30
2025-09-09T23:16:57.400+05:30  INFO 21176 --- [user-service] [main] c.n.discovery.InstanceInfoReplicator     : InstanceInfoReplicator onDemand update allowed rate per min is 4
2025-09-09T23:16:57.402+05:30  INFO 21176 --- [user-service] [main] com.netflix.discovery.DiscoveryClient    : Discovery Client initialized at timestamp 1757440017401 with initial instances count: 3
2025-09-09T23:16:57.404+05:30  INFO 21176 --- [user-service] [main] o.s.c.n.e.s.EurekaServiceRegistry        : Registering application USER-SERVICE with eureka with status UP
2025-09-09T23:16:57.405+05:30  INFO 21176 --- [user-service] [main] com.netflix.discovery.DiscoveryClient    : Saw local status change event StatusChangeEvent [timestamp=1757440017405, current=UP, previous=STARTING]
2025-09-09T23:16:57.406+05:30  INFO 21176 --- [user-service] [DiscoveryClient-InstanceInfoReplicator-%d] com.netflix.discovery.DiscoveryClient    : DiscoveryClient_USER-SERVICE/DarshiniTejas.mshome.net:user-service:8082: registering service...
2025-09-09T23:16:57.406+05:30  INFO 21176 --- [user-service] [main] o.s.c.s.binder.DefaultBinderFactory      : Creating binder: rabbit
2025-09-09T23:16:57.407+05:30  INFO 21176 --- [user-service] [main] o.s.c.s.binder.DefaultBinderFactory      : Constructing binder child context for rabbit
2025-09-09T23:16:57.446+05:30  INFO 21176 --- [user-service] [DiscoveryClient-InstanceInfoReplicator-%d] com.netflix.discovery.DiscoveryClient    : DiscoveryClient_USER-SERVICE/DarshiniTejas.mshome.net:user-service:8082 - registration status: 204
2025-09-09T23:16:57.519+05:30  INFO 21176 --- [user-service] [main] o.s.c.s.binder.DefaultBinderFactory      : Caching the binder: rabbit
2025-09-09T23:16:57.536+05:30  INFO 21176 --- [user-service] [main] c.s.b.r.p.RabbitExchangeQueueProvisioner : declaring queue for inbound: springCloudBus.anonymous.AW9NB0vLRruUU8aEB0tnJg, bound to: springCloudBus
2025-09-09T23:16:57.542+05:30  INFO 21176 --- [user-service] [main] o.s.a.r.c.CachingConnectionFactory       : Attempting to connect to: [localhost:5672]
2025-09-09T23:16:57.579+05:30  INFO 21176 --- [user-service] [main] o.s.a.r.c.CachingConnectionFactory       : Created new connection: rabbitConnectionFactory#4ac77269:0/SimpleConnection@5c7876e1 [delegate=amqp://guest@127.0.0.1:5672/, localPort=57554]
2025-09-09T23:16:57.646+05:30  INFO 21176 --- [user-service] [main] o.s.c.stream.binder.BinderErrorChannel   : Channel 'rabbit-231695570.springCloudBusInput.errors' has 1 subscriber(s).
2025-09-09T23:16:57.647+05:30  INFO 21176 --- [user-service] [main] o.s.c.stream.binder.BinderErrorChannel   : Channel 'rabbit-231695570.springCloudBusInput.errors' has 2 subscriber(s).
2025-09-09T23:16:57.671+05:30  INFO 21176 --- [user-service] [main] o.s.i.a.i.AmqpInboundChannelAdapter      : started bean 'inbound.springCloudBus.anonymous.AW9NB0vLRruUU8aEB0tnJg'
2025-09-09T23:16:57.689+05:30  INFO 21176 --- [user-service] [main] o.s.b.w.embedded.tomcat.TomcatWebServer  : Tomcat started on port 8082 (http) with context path '/'
2025-09-09T23:16:57.690+05:30  INFO 21176 --- [user-service] [main] .s.c.n.e.s.EurekaAutoServiceRegistration : Updating port to 8082
2025-09-09T23:16:57.729+05:30  INFO 21176 --- [user-service] [main] com.ecommerce.user.UserApplication       : Started UserApplication in 6.346 seconds (process running for 6.951)
2025-09-09T23:19:33.180+05:30  INFO 21176 --- [user-service] [SpringApplicationShutdownHook] o.s.c.n.e.s.EurekaServiceRegistry        : Unregistering application USER-SERVICE with eureka with status DOWN
2025-09-09T23:19:33.181+05:30  INFO 21176 --- [user-service] [SpringApplicationShutdownHook] com.netflix.discovery.DiscoveryClient    : Saw local status change event StatusChangeEvent [timestamp=1757440173181, current=DOWN, previous=UP]
2025-09-09T23:19:33.181+05:30  INFO 21176 --- [user-service] [DiscoveryClient-InstanceInfoReplicator-%d] com.netflix.discovery.DiscoveryClient    : DiscoveryClient_USER-SERVICE/DarshiniTejas.mshome.net:user-service:8082: registering service...
2025-09-09T23:19:33.187+05:30  INFO 21176 --- [user-service] [SpringApplicationShutdownHook] o.s.b.w.e.tomcat.GracefulShutdown        : Commencing graceful shutdown. Waiting for active requests to complete
2025-09-09T23:19:33.190+05:30  INFO 21176 --- [user-service] [DiscoveryClient-InstanceInfoReplicator-%d] com.netflix.discovery.DiscoveryClient    : DiscoveryClient_USER-SERVICE/DarshiniTejas.mshome.net:user-service:8082 - registration status: 204
2025-09-09T23:19:33.194+05:30  INFO 21176 --- [user-service] [tomcat-shutdown] o.s.b.w.e.tomcat.GracefulShutdown        : Graceful shutdown complete
2025-09-09T23:19:33.209+05:30  INFO 21176 --- [user-service] [SpringApplicationShutdownHook] o.s.a.r.l.SimpleMessageListenerContainer : Waiting for workers to finish.
2025-09-09T23:19:33.210+05:30  INFO 21176 --- [user-service] [SpringApplicationShutdownHook] o.s.a.r.l.SimpleMessageListenerContainer : Successfully waited for workers to finish.
2025-09-09T23:19:33.210+05:30  INFO 21176 --- [user-service] [SpringApplicationShutdownHook] o.s.i.a.i.AmqpInboundChannelAdapter      : stopped bean 'inbound.springCloudBus.anonymous.AW9NB0vLRruUU8aEB0tnJg'
2025-09-09T23:19:33.216+05:30  INFO 21176 --- [user-service] [SpringApplicationShutdownHook] o.s.c.stream.binder.BinderErrorChannel   : Channel 'user-service.rabbit-231695570.springCloudBusInput.errors' has 1 subscriber(s).
2025-09-09T23:19:33.217+05:30  INFO 21176 --- [user-service] [SpringApplicationShutdownHook] o.s.c.stream.binder.BinderErrorChannel   : Channel 'user-service.rabbit-231695570.springCloudBusInput.errors' has 0 subscriber(s).
2025-09-09T23:19:33.239+05:30  INFO 21176 --- [user-service] [SpringApplicationShutdownHook] o.s.i.endpoint.EventDrivenConsumer       : Removing {logging-channel-adapter:_org.springframework.integration.errorLogger} as a subscriber to the 'errorChannel' channel
2025-09-09T23:19:33.239+05:30  INFO 21176 --- [user-service] [SpringApplicationShutdownHook] o.s.i.channel.PublishSubscribeChannel    : Channel 'user-service.errorChannel' has 0 subscriber(s).
2025-09-09T23:19:33.239+05:30  INFO 21176 --- [user-service] [SpringApplicationShutdownHook] o.s.i.endpoint.EventDrivenConsumer       : stopped bean '_org.springframework.integration.errorLogger'
2025-09-09T23:19:33.249+05:30  INFO 21176 --- [user-service] [SpringApplicationShutdownHook] com.netflix.discovery.DiscoveryClient    : Shutting down DiscoveryClient ...
2025-09-09T23:19:36.251+05:30  INFO 21176 --- [user-service] [SpringApplicationShutdownHook] com.netflix.discovery.DiscoveryClient    : Unregistering ...
2025-09-09T23:19:36.264+05:30  INFO 21176 --- [user-service] [SpringApplicationShutdownHook] com.netflix.discovery.DiscoveryClient    : DiscoveryClient_USER-SERVICE/DarshiniTejas.mshome.net:user-service:8082 - deregister  status: 200
2025-09-09T23:19:36.265+05:30  INFO 21176 --- [user-service] [SpringApplicationShutdownHook] com.netflix.discovery.DiscoveryClient    : Completed shut down of DiscoveryClient
